#
# There is insufficient memory for the Java Runtime Environment to continue.
# Native memory allocation (mmap) failed to map 184025088 bytes for committing reserved memory.
# Possible reasons:
#   The system is out of physical RAM or swap space
#   The process is running with CompressedOops enabled, and the Java Heap may be blocking the growth of the native heap
# Possible solutions:
#   Reduce memory load on the system
#   Increase physical memory or swap space
#   Check if swap backing store is full
#   Decrease Java heap size (-Xmx/-Xms)
#   Decrease number of Java threads
#   Decrease Java thread stack sizes (-Xss)
#   Set larger code cache with -XX:ReservedCodeCacheSize=
#   JVM is running with Unscaled Compressed Oops mode in which the Java heap is
#     placed in the first 4GB address space. The Java Heap base address is the
#     maximum limit for the native heap growth. Please use -XX:HeapBaseMinAddress
#     to set the Java Heap base and to place the Java Heap above 4GB virtual address.
# This output file may be truncated or incomplete.
#
#  Out of Memory Error (os_linux.cpp:2757), pid=20300, tid=0x00007f05369f1700
#
# JRE version: OpenJDK Runtime Environment (8.0_252-b09) (build 1.8.0_252-8u252-b09-1~18.04-b09)
# Java VM: OpenJDK 64-Bit Server VM (25.252-b09 mixed mode linux-amd64 compressed oops)
# Failed to write core dump. Core dumps have been disabled. To enable core dumping, try "ulimit -c unlimited" before starting Java again
#

---------------  T H R E A D  ---------------

Current thread (0x00007f055c14a000):  VMThread [stack: 0x00007f05368f2000,0x00007f05369f2000] [id=20327]

Stack: [0x00007f05368f2000,0x00007f05369f2000],  sp=0x00007f05369f0320,  free space=1016k
Native frames: (J=compiled Java code, j=interpreted, Vv=VM code, C=native code)
V  [libjvm.so+0xabcb22]
V  [libjvm.so+0x4de337]
V  [libjvm.so+0x8f6ad0]
V  [libjvm.so+0x8edb9e]
V  [libjvm.so+0x971536]
V  [libjvm.so+0x9728a8]
V  [libjvm.so+0x96eea6]
V  [libjvm.so+0x967609]
V  [libjvm.so+0x458d83]
V  [libjvm.so+0xabdc91]
V  [libjvm.so+0xac3446]
V  [libjvm.so+0xac16f5]
V  [libjvm.so+0xac1fce]
V  [libjvm.so+0xac2428]
V  [libjvm.so+0x8f3e62]

VM_Operation (0x00007f0534c5aa10): CollectForMetadataAllocation, mode: safepoint, requested by thread 0x00007f050c02c000


---------------  P R O C E S S  ---------------

Java Threads: ( => current thread )
  0x00007f050c02c000 JavaThread "restartedMain" [_thread_blocked, id=20368, stack(0x00007f0534b5e000,0x00007f0534c5f000)]
  0x00007f055c2bb800 JavaThread "Thread-0" [_thread_blocked, id=20367, stack(0x00007f0534c5f000,0x00007f0534d60000)]
  0x00007f055ca11800 JavaThread "Service Thread" daemon [_thread_blocked, id=20362, stack(0x00007f0534ef8000,0x00007f0534ff9000)]
  0x00007f055ca06800 JavaThread "C1 CompilerThread2" daemon [_thread_blocked, id=20360, stack(0x00007f0534ffa000,0x00007f05350fa000)]
  0x00007f055ca01800 JavaThread "C2 CompilerThread1" daemon [_thread_blocked, id=20359, stack(0x00007f05350fb000,0x00007f05351fb000)]
  0x00007f055ca00000 JavaThread "C2 CompilerThread0" daemon [_thread_blocked, id=20357, stack(0x00007f05351fc000,0x00007f05352fc000)]
  0x00007f055ca04800 JavaThread "Monitor Ctrl-Break" daemon [_thread_in_native, id=20355, stack(0x00007f05352fc000,0x00007f05353fd000)]
  0x00007f055c186000 JavaThread "Signal Dispatcher" daemon [_thread_blocked, id=20348, stack(0x00007f0535c1f000,0x00007f0535d20000)]
  0x00007f055c158800 JavaThread "Finalizer" daemon [_thread_blocked, id=20334, stack(0x00007f05366ef000,0x00007f05367f0000)]
  0x00007f055c154000 JavaThread "Reference Handler" daemon [_thread_blocked, id=20331, stack(0x00007f05367f0000,0x00007f05368f1000)]
  0x00007f055c015800 JavaThread "main" [_thread_blocked, id=20307, stack(0x00007f0563d3b000,0x00007f0563e3b000)]

Other Threads:
=>0x00007f055c14a000 VMThread [stack: 0x00007f05368f2000,0x00007f05369f2000] [id=20327]
  0x00007f055ca14000 WatcherThread [stack: 0x00007f0534df8000,0x00007f0534ef8000] [id=20364]

VM state:at safepoint (normal execution)

VM Mutex/Monitor currently owned by a thread:  ([mutex/lock_event])
[0x00007f055c00b030] Threads_lock - owner thread: 0x00007f055c14a000
[0x00007f055c00b530] Heap_lock - owner thread: 0x00007f050c02c000

heap address: 0x0000000085200000, size: 1966 MB, Compressed Oops mode: 32-bit
Narrow klass base: 0x0000000000000000, Narrow klass shift: 3
Compressed class space size: 1073741824 Address: 0x0000000100000000

Heap:
 PSYoungGen      total 375808K, used 8694K [0x00000000d7100000, 0x00000000ef300000, 0x0000000100000000)
  eden space 367104K, 0% used [0x00000000d7100000,0x00000000d7100000,0x00000000ed780000)
  from space 8704K, 99% used [0x00000000ed780000,0x00000000edffd858,0x00000000ee000000)
  to   space 8192K, 0% used [0x00000000ee000000,0x00000000ee000000,0x00000000ee800000)
 ParOldGen       total 44544K, used 14821K [0x0000000085200000, 0x0000000087d80000, 0x00000000d7100000)
  object space 44544K, 33% used [0x0000000085200000,0x00000000860796c8,0x0000000087d80000)
 Metaspace       used 33760K, capacity 35333K, committed 35416K, reserved 1079296K
  class space    used 4432K, capacity 4736K, committed 4736K, reserved 1048576K

Card table byte_map: [0x00007f054cc28000,0x00007f054d000000] byte_map_base: 0x00007f054c7ff000

Marking Bits: (ParMarkBitMap*) 0x00007f0562fe33c0
 Begin Bits: [0x00007f0544290000, 0x00007f0546148000)
 End Bits:   [0x00007f0546148000, 0x00007f0548000000)

Polling page: 0x00007f0563e64000

CodeCache: size=245760Kb used=11542Kb max_used=11607Kb free=234217Kb
 bounds [0x00007f054d000000, 0x00007f054db70000, 0x00007f055c000000]
 total_blobs=3527 nmethods=3127 adapters=314
 compilation: enabled

Compilation events (10 events):
Event: 137.305 Thread 0x00007f055ca06800 nmethod 3444 0x00007f054daee150 code [0x00007f054daee2e0, 0x00007f054daee848]
Event: 137.837 Thread 0x00007f055ca06800 3451       3       java.lang.invoke.AbstractValidatingLambdaMetafactory::validateMetafactoryArgs (864 bytes)
Event: 137.848 Thread 0x00007f055ca06800 nmethod 3451 0x00007f054db11210 code [0x00007f054db12120, 0x00007f054db1e4c8]
Event: 137.848 Thread 0x00007f055ca06800 3452   !   3       java.lang.invoke.InnerClassLambdaMetafactory::buildCallSite (156 bytes)
Event: 137.850 Thread 0x00007f055ca06800 nmethod 3452 0x00007f054dae9c10 code [0x00007f054dae9f60, 0x00007f054daeb9a8]
Event: 137.850 Thread 0x00007f055ca06800 3450       3       java.lang.invoke.LambdaForm$DMH/796533847::invokeStatic_L6_L (24 bytes)
Event: 137.850 Thread 0x00007f055ca06800 nmethod 3450 0x00007f054daed890 code [0x00007f054daeda20, 0x00007f054daedfd8]
Event: 137.850 Thread 0x00007f055ca06800 3449       3       java.lang.invoke.LambdaForm$BMH/1625696713::reinvoke (89 bytes)
Event: 137.852 Thread 0x00007f055ca06800 nmethod 3449 0x00007f054dae7a50 code [0x00007f054dae7d00, 0x00007f054dae9328]
Event: 138.041 Thread 0x00007f055ca00000 nmethod 3430 0x00007f054db38810 code [0x00007f054db395c0, 0x00007f054db46d48]

GC Heap History (10 events):
Event: 26.655 GC heap after
Heap after GC invocations=7 (full 0):
 PSYoungGen      total 133632K, used 7168K [0x00000000d7100000, 0x00000000e7800000, 0x0000000100000000)
  eden space 125952K, 0% used [0x00000000d7100000,0x00000000d7100000,0x00000000dec00000)
  from space 7680K, 93% used [0x00000000dec00000,0x00000000df300168,0x00000000df380000)
  to   space 8704K, 0% used [0x00000000e6f80000,0x00000000e6f80000,0x00000000e7800000)
 ParOldGen       total 84992K, used 2760K [0x0000000085200000, 0x000000008a500000, 0x00000000d7100000)
  object space 84992K, 3% used [0x0000000085200000,0x00000000854b22f0,0x000000008a500000)
 Metaspace       used 20460K, capacity 21076K, committed 21248K, reserved 1067008K
  class space    used 2556K, capacity 2741K, committed 2816K, reserved 1048576K
}
Event: 26.655 GC heap before
{Heap before GC invocations=8 (full 1):
 PSYoungGen      total 133632K, used 7168K [0x00000000d7100000, 0x00000000e7800000, 0x0000000100000000)
  eden space 125952K, 0% used [0x00000000d7100000,0x00000000d7100000,0x00000000dec00000)
  from space 7680K, 93% used [0x00000000dec00000,0x00000000df300168,0x00000000df380000)
  to   space 8704K, 0% used [0x00000000e6f80000,0x00000000e6f80000,0x00000000e7800000)
 ParOldGen       total 84992K, used 2760K [0x0000000085200000, 0x000000008a500000, 0x00000000d7100000)
  object space 84992K, 3% used [0x0000000085200000,0x00000000854b22f0,0x000000008a500000)
 Metaspace       used 20460K, capacity 21076K, committed 21248K, reserved 1067008K
  class space    used 2556K, capacity 2741K, committed 2816K, reserved 1048576K
Event: 26.714 GC heap after
Heap after GC invocations=8 (full 1):
 PSYoungGen      total 133632K, used 0K [0x00000000d7100000, 0x00000000e7800000, 0x0000000100000000)
  eden space 125952K, 0% used [0x00000000d7100000,0x00000000d7100000,0x00000000dec00000)
  from space 7680K, 0% used [0x00000000dec00000,0x00000000dec00000,0x00000000df380000)
  to   space 8704K, 0% used [0x00000000e6f80000,0x00000000e6f80000,0x00000000e7800000)
 ParOldGen       total 44544K, used 8647K [0x0000000085200000, 0x0000000087d80000, 0x00000000d7100000)
  object space 44544K, 19% used [0x0000000085200000,0x0000000085a71c00,0x0000000087d80000)
 Metaspace       used 20460K, capacity 21076K, committed 21248K, reserved 1067008K
  class space    used 2556K, capacity 2741K, committed 2816K, reserved 1048576K
}
Event: 50.546 GC heap before
{Heap before GC invocations=9 (full 1):
 PSYoungGen      total 133632K, used 125952K [0x00000000d7100000, 0x00000000e7800000, 0x0000000100000000)
  eden space 125952K, 100% used [0x00000000d7100000,0x00000000dec00000,0x00000000dec00000)
  from space 7680K, 0% used [0x00000000dec00000,0x00000000dec00000,0x00000000df380000)
  to   space 8704K, 0% used [0x00000000e6f80000,0x00000000e6f80000,0x00000000e7800000)
 ParOldGen       total 44544K, used 8647K [0x0000000085200000, 0x0000000087d80000, 0x00000000d7100000)
  object space 44544K, 19% used [0x0000000085200000,0x0000000085a71c00,0x0000000087d80000)
 Metaspace       used 25027K, capacity 25950K, committed 26240K, reserved 1073152K
  class space    used 3167K, capacity 3380K, committed 3456K, reserved 1048576K
Event: 50.560 GC heap after
Heap after GC invocations=9 (full 1):
 PSYoungGen      total 246784K, used 6199K [0x00000000d7100000, 0x00000000e7600000, 0x0000000100000000)
  eden space 240128K, 0% used [0x00000000d7100000,0x00000000d7100000,0x00000000e5b80000)
  from space 6656K, 93% used [0x00000000e6f80000,0x00000000e758dca8,0x00000000e7600000)
  to   space 8704K, 0% used [0x00000000e6500000,0x00000000e6500000,0x00000000e6d80000)
 ParOldGen       total 44544K, used 8655K [0x0000000085200000, 0x0000000087d80000, 0x00000000d7100000)
  object space 44544K, 19% used [0x0000000085200000,0x0000000085a73c00,0x0000000087d80000)
 Metaspace       used 25027K, capacity 25950K, committed 26240K, reserved 1073152K
  class space    used 3167K, capacity 3380K, committed 3456K, reserved 1048576K
}
Event: 60.612 GC heap before
{Heap before GC invocations=10 (full 1):
 PSYoungGen      total 246784K, used 246327K [0x00000000d7100000, 0x00000000e7600000, 0x0000000100000000)
  eden space 240128K, 100% used [0x00000000d7100000,0x00000000e5b80000,0x00000000e5b80000)
  from space 6656K, 93% used [0x00000000e6f80000,0x00000000e758dca8,0x00000000e7600000)
  to   space 8704K, 0% used [0x00000000e6500000,0x00000000e6500000,0x00000000e6d80000)
 ParOldGen       total 44544K, used 8655K [0x0000000085200000, 0x0000000087d80000, 0x00000000d7100000)
  object space 44544K, 19% used [0x0000000085200000,0x0000000085a73c00,0x0000000087d80000)
 Metaspace       used 26023K, capacity 26988K, committed 27136K, reserved 1073152K
  class space    used 3261K, capacity 3493K, committed 3584K, reserved 1048576K
Event: 60.643 GC heap after
Heap after GC invocations=10 (full 1):
 PSYoungGen      total 258560K, used 5205K [0x00000000d7100000, 0x00000000ee800000, 0x0000000100000000)
  eden space 249856K, 0% used [0x00000000d7100000,0x00000000d7100000,0x00000000e6500000)
  from space 8704K, 59% used [0x00000000e6500000,0x00000000e6a15748,0x00000000e6d80000)
  to   space 8192K, 0% used [0x00000000ee000000,0x00000000ee000000,0x00000000ee800000)
 ParOldGen       total 44544K, used 8663K [0x0000000085200000, 0x0000000087d80000, 0x00000000d7100000)
  object space 44544K, 19% used [0x0000000085200000,0x0000000085a75c00,0x0000000087d80000)
 Metaspace       used 26023K, capacity 26988K, committed 27136K, reserved 1073152K
  class space    used 3261K, capacity 3493K, committed 3584K, reserved 1048576K
}
Event: 70.349 GC heap before
{Heap before GC invocations=11 (full 1):
 PSYoungGen      total 258560K, used 255061K [0x00000000d7100000, 0x00000000ee800000, 0x0000000100000000)
  eden space 249856K, 100% used [0x00000000d7100000,0x00000000e6500000,0x00000000e6500000)
  from space 8704K, 59% used [0x00000000e6500000,0x00000000e6a15748,0x00000000e6d80000)
  to   space 8192K, 0% used [0x00000000ee000000,0x00000000ee000000,0x00000000ee800000)
 ParOldGen       total 44544K, used 8663K [0x0000000085200000, 0x0000000087d80000, 0x00000000d7100000)
  object space 44544K, 19% used [0x0000000085200000,0x0000000085a75c00,0x0000000087d80000)
 Metaspace       used 26402K, capacity 27480K, committed 27648K, reserved 1073152K
  class space    used 3313K, capacity 3543K, committed 3584K, reserved 1048576K
Event: 70.370 GC heap after
Heap after GC invocations=11 (full 1):
 PSYoungGen      total 375296K, used 2688K [0x00000000d7100000, 0x00000000ef300000, 0x0000000100000000)
  eden space 367104K, 0% used [0x00000000d7100000,0x00000000d7100000,0x00000000ed780000)
  from space 8192K, 32% used [0x00000000ee000000,0x00000000ee2a0000,0x00000000ee800000)
  to   space 8704K, 0% used [0x00000000ed780000,0x00000000ed780000,0x00000000ee000000)
 ParOldGen       total 44544K, used 11168K [0x0000000085200000, 0x0000000087d80000, 0x00000000d7100000)
  object space 44544K, 25% used [0x0000000085200000,0x0000000085ce8158,0x0000000087d80000)
 Metaspace       used 26402K, capacity 27480K, committed 27648K, reserved 1073152K
  class space    used 3313K, capacity 3543K, committed 3584K, reserved 1048576K
}
Event: 140.202 GC heap before
{Heap before GC invocations=12 (full 1):
 PSYoungGen      total 375296K, used 326828K [0x00000000d7100000, 0x00000000ef300000, 0x0000000100000000)
  eden space 367104K, 88% used [0x00000000d7100000,0x00000000ead8b200,0x00000000ed780000)
  from space 8192K, 32% used [0x00000000ee000000,0x00000000ee2a0000,0x00000000ee800000)
  to   space 8704K, 0% used [0x00000000ed780000,0x00000000ed780000,0x00000000ee000000)
 ParOldGen       total 44544K, used 11168K [0x0000000085200000, 0x0000000087d80000, 0x00000000d7100000)
  object space 44544K, 25% used [0x0000000085200000,0x0000000085ce8158,0x0000000087d80000)
 Metaspace       used 33760K, capacity 35333K, committed 35416K, reserved 1079296K
  class space    used 4432K, capacity 4736K, committed 4736K, reserved 1048576K

Deoptimization events (10 events):
Event: 136.455 Thread 0x00007f050c02c000 Uncommon trap: reason=class_check action=maybe_recompile pc=0x00007f054d8a6b00 method=org.springframework.boot.context.properties.source.SpringConfigurationPropertySources$SourcesIterator.fetchNext()Lorg/springframework/boot/context/properties/source/Conf
Event: 136.456 Thread 0x00007f050c02c000 Uncommon trap: reason=class_check action=maybe_recompile pc=0x00007f054d8a6b00 method=org.springframework.boot.context.properties.source.SpringConfigurationPropertySources$SourcesIterator.fetchNext()Lorg/springframework/boot/context/properties/source/Conf
Event: 136.457 Thread 0x00007f050c02c000 Uncommon trap: reason=class_check action=maybe_recompile pc=0x00007f054d8a6b00 method=org.springframework.boot.context.properties.source.SpringConfigurationPropertySources$SourcesIterator.fetchNext()Lorg/springframework/boot/context/properties/source/Conf
Event: 136.466 Thread 0x00007f050c02c000 Uncommon trap: reason=class_check action=maybe_recompile pc=0x00007f054d38c5bc method=org.springframework.boot.context.properties.source.ConfigurationPropertyName$Elements.charAt(II)C @ 43
Event: 136.469 Thread 0x00007f050c02c000 Uncommon trap: reason=class_check action=maybe_recompile pc=0x00007f054d38c5bc method=org.springframework.boot.context.properties.source.ConfigurationPropertyName$Elements.charAt(II)C @ 43
Event: 136.841 Thread 0x00007f050c02c000 Uncommon trap: reason=null_check action=make_not_entrant pc=0x00007f054d446068 method=org.springframework.util.ClassUtils.isAssignable(Ljava/lang/Class;Ljava/lang/Class;)Z @ 14
Event: 136.854 Thread 0x00007f050c02c000 Uncommon trap: reason=unstable_if action=reinterpret pc=0x00007f054d62088c method=org.springframework.boot.context.properties.source.ConfigurationPropertyName.elementDiffers(Lorg/springframework/boot/context/properties/source/ConfigurationPropertyName$Ele
Event: 136.865 Thread 0x00007f050c02c000 Uncommon trap: reason=class_check action=maybe_recompile pc=0x00007f054d38c5bc method=org.springframework.boot.context.properties.source.ConfigurationPropertyName$Elements.charAt(II)C @ 43
Event: 137.031 Thread 0x00007f050c02c000 Uncommon trap: reason=bimorphic action=maybe_recompile pc=0x00007f054d17bd50 method=java.util.concurrent.ConcurrentHashMap.putVal(Ljava/lang/Object;Ljava/lang/Object;Z)Ljava/lang/Object; @ 192
Event: 137.034 Thread 0x00007f050c02c000 Uncommon trap: reason=bimorphic action=maybe_recompile pc=0x00007f054d17bd50 method=java.util.concurrent.ConcurrentHashMap.putVal(Ljava/lang/Object;Ljava/lang/Object;Z)Ljava/lang/Object; @ 192

Classes redefined (0 events):
No events

Internal exceptions (10 events):
Event: 118.864 Thread 0x00007f050c02c000 Exception <a 'java/lang/ClassNotFoundException': org/springframework/aop/framework/AopInfrastructureBeanCustomizer> (0x00000000e8a6b590) thrown at [/build/openjdk-8-piDAoU/openjdk-8-8u252-b09/src/hotspot/src/share/vm/classfile/systemDictionary.cpp, line 2
Event: 121.010 Thread 0x00007f050c02c000 Exception <a 'java/lang/NoSuchMethodError': java.lang.Object.lambda$thenComparing$36697e65$1(Ljava/util/Comparator;Ljava/lang/Object;Ljava/lang/Object;)I> (0x00000000e8bab488) thrown at [/build/openjdk-8-piDAoU/openjdk-8-8u252-b09/src/hotspot/src/share/vm
Event: 121.238 Thread 0x00007f050c02c000 Exception <a 'java/lang/ClassNotFoundException': java/lang/ObjectCustomizer> (0x00000000e8c986f0) thrown at [/build/openjdk-8-piDAoU/openjdk-8-8u252-b09/src/hotspot/src/share/vm/classfile/systemDictionary.cpp, line 210]
Event: 121.242 Thread 0x00007f050c02c000 Exception <a 'java/lang/ClassNotFoundException': org/springframework/transaction/annotation/AbstractTransactionManagementConfigurationCustomizer> (0x00000000e8ce3a08) thrown at [/build/openjdk-8-piDAoU/openjdk-8-8u252-b09/src/hotspot/src/share/vm/classfil
Event: 121.246 Thread 0x00007f050c02c000 Exception <a 'java/lang/ClassNotFoundException': org/springframework/transaction/annotation/ProxyTransactionManagementConfigurationCustomizer> (0x00000000e8d2c5c8) thrown at [/build/openjdk-8-piDAoU/openjdk-8-8u252-b09/src/hotspot/src/share/vm/classfile/s
Event: 121.247 Thread 0x00007f050c02c000 Exception <a 'java/lang/ClassNotFoundException': org/springframework/context/annotation/ImportAwareCustomizer> (0x00000000e8d63700) thrown at [/build/openjdk-8-piDAoU/openjdk-8-8u252-b09/src/hotspot/src/share/vm/classfile/systemDictionary.cpp, line 210]
Event: 121.251 Thread 0x00007f050c02c000 Exception <a 'java/lang/ClassNotFoundException': org/springframework/beans/factory/AwareCustomizer> (0x00000000e8d8fe48) thrown at [/build/openjdk-8-piDAoU/openjdk-8-8u252-b09/src/hotspot/src/share/vm/classfile/systemDictionary.cpp, line 210]
Event: 121.251 Thread 0x00007f050c02c000 Implicit null exception at 0x00007f054d21940c to 0x00007f054d21958d
Event: 136.440 Thread 0x00007f050c02c000 Implicit null exception at 0x00007f054d446acb to 0x00007f054d446c39
Event: 138.975 Thread 0x00007f050c02c000 Exception <a 'java/lang/IncompatibleClassChangeError': Found class java.lang.Object, but interface was expected> (0x00000000eac33d70) thrown at [/build/openjdk-8-piDAoU/openjdk-8-8u252-b09/src/hotspot/src/share/vm/interpreter/linkResolver.cpp, line 653]

Events (10 events):
Event: 138.975 loading class org/springframework/boot/web/server/Shutdown done
Event: 138.975 loading class org/springframework/boot/web/server/Shutdown
Event: 138.975 loading class org/springframework/boot/web/server/Shutdown done
Event: 138.975 loading class org/springframework/boot/web/servlet/server/ConfigurableServletWebServerFactory
Event: 138.975 loading class org/springframework/boot/web/servlet/server/ConfigurableServletWebServerFactory done
Event: 138.976 loading class org/apache/catalina/Context
Event: 138.976 loading class org/apache/catalina/Context done
Event: 138.976 loading class org/apache/catalina/Context
Event: 138.976 loading class org/apache/catalina/Context done
Event: 139.317 Executing VM operation: CollectForMetadataAllocation


Dynamic libraries:
85200000-87d80000 rw-p 00000000 00:00 0 
87d80000-d7100000 ---p 00000000 00:00 0 
d7100000-ef300000 rw-p 00000000 00:00 0 
fa280000-100000000 ---p 00000000 00:00 0 
100000000-1004a0000 rw-p 00000000 00:00 0 
1004a0000-140000000 ---p 00000000 00:00 0 
55c2166c7000-55c2166c8000 r-xp 00000000 08:08 6583494                    /usr/lib/jvm/java-8-openjdk-amd64/jre/bin/java
55c2168c7000-55c2168c8000 r--p 00000000 08:08 6583494                    /usr/lib/jvm/java-8-openjdk-amd64/jre/bin/java
55c2168c8000-55c2168c9000 rw-p 00001000 08:08 6583494                    /usr/lib/jvm/java-8-openjdk-amd64/jre/bin/java
55c2186b0000-55c2186d1000 rw-p 00000000 00:00 0                          [heap]
7f04f8000000-7f04f8021000 rw-p 00000000 00:00 0 
7f04f8021000-7f04fc000000 ---p 00000000 00:00 0 
7f04fe95c000-7f04feb52000 rw-p 00000000 00:00 0 
7f04feb52000-7f04feb5c000 ---p 00000000 00:00 0 
7f04feb5c000-7f04fed5c000 rw-p 00000000 00:00 0 
7f04fed5c000-7f04fef5c000 rw-p 00000000 00:00 0 
7f04fef5c000-7f04ff15c000 rw-p 00000000 00:00 0 
7f04ff1db000-7f04ff3db000 rw-p 00000000 00:00 0 
7f04ff3db000-7f04ff5db000 rw-p 00000000 00:00 0 
7f04ff5db000-7f04ff7db000 rw-p 00000000 00:00 0 
7f04ff7db000-7f04ff9db000 rw-p 00000000 00:00 0 
7f04ff9db000-7f04ff9e4000 r-xp 00000000 08:08 6583775                    /usr/lib/jvm/java-8-openjdk-amd64/jre/lib/amd64/libmanagement.so
7f04ff9e4000-7f04ffbe3000 ---p 00009000 08:08 6583775                    /usr/lib/jvm/java-8-openjdk-amd64/jre/lib/amd64/libmanagement.so
7f04ffbe3000-7f04ffbe4000 r--p 00008000 08:08 6583775                    /usr/lib/jvm/java-8-openjdk-amd64/jre/lib/amd64/libmanagement.so
7f04ffbe4000-7f04ffbe5000 rw-p 00009000 08:08 6583775                    /usr/lib/jvm/java-8-openjdk-amd64/jre/lib/amd64/libmanagement.so
7f04ffbe5000-7f04ffde5000 rw-p 00000000 00:00 0 
7f04ffde5000-7f04ffdfc000 r-xp 00000000 08:08 5126862                    /lib/x86_64-linux-gnu/libresolv-2.27.so
7f04ffdfc000-7f04ffffc000 ---p 00017000 08:08 5126862                    /lib/x86_64-linux-gnu/libresolv-2.27.so
7f04ffffc000-7f04ffffd000 r--p 00017000 08:08 5126862                    /lib/x86_64-linux-gnu/libresolv-2.27.so
7f04ffffd000-7f04ffffe000 rw-p 00018000 08:08 5126862                    /lib/x86_64-linux-gnu/libresolv-2.27.so
7f04ffffe000-7f0500000000 rw-p 00000000 00:00 0 
7f0500000000-7f05008c8000 rw-p 00000000 00:00 0 
7f05008c8000-7f0504000000 ---p 00000000 00:00 0 
7f0504000000-7f0504429000 rw-p 00000000 00:00 0 
7f0504429000-7f0508000000 ---p 00000000 00:00 0 
7f0508000000-7f0508021000 rw-p 00000000 00:00 0 
7f0508021000-7f050c000000 ---p 00000000 00:00 0 
7f050c000000-7f050c02d000 rw-p 00000000 00:00 0 
7f050c02d000-7f0510000000 ---p 00000000 00:00 0 
7f0510000000-7f05106be000 rw-p 00000000 00:00 0 
7f05106be000-7f0514000000 ---p 00000000 00:00 0 
7f0514000000-7f0514021000 rw-p 00000000 00:00 0 
7f0514021000-7f0518000000 ---p 00000000 00:00 0 
7f0518000000-7f051ab34000 rw-p 00000000 00:00 0 
7f051ab34000-7f051c000000 ---p 00000000 00:00 0 
7f051c000000-7f051d3c6000 rw-p 00000000 00:00 0 
7f051d3c6000-7f0520000000 ---p 00000000 00:00 0 
7f0520000000-7f0520021000 rw-p 00000000 00:00 0 
7f0520021000-7f0524000000 ---p 00000000 00:00 0 
7f0524000000-7f0524021000 rw-p 00000000 00:00 0 
7f0524021000-7f0528000000 ---p 00000000 00:00 0 
7f0528000000-7f0528021000 rw-p 00000000 00:00 0 
7f0528021000-7f052c000000 ---p 00000000 00:00 0 
7f052c000000-7f052c021000 rw-p 00000000 00:00 0 
7f052c021000-7f0530000000 ---p 00000000 00:00 0 
7f0530000000-7f0530021000 rw-p 00000000 00:00 0 
7f0530021000-7f0534000000 ---p 00000000 00:00 0 
7f0534037000-7f053403c000 r-xp 00000000 08:08 5126811                    /lib/x86_64-linux-gnu/libnss_dns-2.27.so
7f053403c000-7f053423c000 ---p 00005000 08:08 5126811                    /lib/x86_64-linux-gnu/libnss_dns-2.27.so
7f053423c000-7f053423d000 r--p 00005000 08:08 5126811                    /lib/x86_64-linux-gnu/libnss_dns-2.27.so
7f053423d000-7f053423e000 rw-p 00006000 08:08 5126811                    /lib/x86_64-linux-gnu/libnss_dns-2.27.so
7f0534258000-7f053425b000 ---p 00000000 00:00 0 
7f053425b000-7f0534359000 rw-p 00000000 00:00 0 
7f0534359000-7f053435b000 r-xp 00000000 08:08 5126819                    /lib/x86_64-linux-gnu/libnss_mdns4_minimal.so.2
7f053435b000-7f053455a000 ---p 00002000 08:08 5126819                    /lib/x86_64-linux-gnu/libnss_mdns4_minimal.so.2
7f053455a000-7f053455b000 r--p 00001000 08:08 5126819                    /lib/x86_64-linux-gnu/libnss_mdns4_minimal.so.2
7f053455b000-7f053455c000 rw-p 00002000 08:08 5126819                    /lib/x86_64-linux-gnu/libnss_mdns4_minimal.so.2
7f053455c000-7f053455f000 ---p 00000000 00:00 0 
7f053455f000-7f053485d000 rw-p 00000000 00:00 0 
7f053485d000-7f0534a5d000 rw-p 00000000 00:00 0 
7f0534a5d000-7f0534a60000 ---p 00000000 00:00 0 
7f0534a60000-7f0534b5e000 rw-p 00000000 00:00 0 
7f0534b5e000-7f0534b61000 ---p 00000000 00:00 0 
7f0534b61000-7f0534c5f000 rw-p 00000000 00:00 0 
7f0534c5f000-7f0534c62000 ---p 00000000 00:00 0 
7f0534c62000-7f0534d60000 rw-p 00000000 00:00 0 
7f0534df2000-7f0534df7000 r--s 000a7000 08:08 6584799                    /usr/lib/jvm/java-8-openjdk-amd64/jre/lib/jsse.jar
7f0534df7000-7f0534df8000 ---p 00000000 00:00 0 
7f0534df8000-7f0534ef8000 rw-p 00000000 00:00 0 
7f0534ef8000-7f0534efb000 ---p 00000000 00:00 0 
7f0534efb000-7f0534ff9000 rw-p 00000000 00:00 0 
7f0534ff9000-7f0534ffa000 ---p 00000000 00:00 0 
7f0534ffa000-7f0534ffd000 ---p 00000000 00:00 0 
7f0534ffd000-7f05350fa000 rw-p 00000000 00:00 0 
7f05350fa000-7f05350fb000 ---p 00000000 00:00 0 
7f05350fb000-7f05350fe000 ---p 00000000 00:00 0 
7f05350fe000-7f05351fb000 rw-p 00000000 00:00 0 
7f05351fb000-7f05351fc000 ---p 00000000 00:00 0 
7f05351fc000-7f05351ff000 ---p 00000000 00:00 0 
7f05351ff000-7f05352fc000 rw-p 00000000 00:00 0 
7f05352fc000-7f05352ff000 ---p 00000000 00:00 0 
7f05352ff000-7f05353fd000 rw-p 00000000 00:00 0 
7f05353fd000-7f0535414000 r-xp 00000000 08:08 6583777                    /usr/lib/jvm/java-8-openjdk-amd64/jre/lib/amd64/libnet.so
7f0535414000-7f0535613000 ---p 00017000 08:08 6583777                    /usr/lib/jvm/java-8-openjdk-amd64/jre/lib/amd64/libnet.so
7f0535613000-7f0535614000 r--p 00016000 08:08 6583777                    /usr/lib/jvm/java-8-openjdk-amd64/jre/lib/amd64/libnet.so
7f0535614000-7f0535615000 rw-p 00017000 08:08 6583777                    /usr/lib/jvm/java-8-openjdk-amd64/jre/lib/amd64/libnet.so
7f0535615000-7f0535627000 r-xp 00000000 08:08 6583778                    /usr/lib/jvm/java-8-openjdk-amd64/jre/lib/amd64/libnio.so
7f0535627000-7f0535826000 ---p 00012000 08:08 6583778                    /usr/lib/jvm/java-8-openjdk-amd64/jre/lib/amd64/libnio.so
7f0535826000-7f0535827000 r--p 00011000 08:08 6583778                    /usr/lib/jvm/java-8-openjdk-amd64/jre/lib/amd64/libnio.so
7f0535827000-7f0535828000 rw-p 00012000 08:08 6583778                    /usr/lib/jvm/java-8-openjdk-amd64/jre/lib/amd64/libnio.so
7f0535828000-7f053582b000 r--s 0001c000 07:0f 608                        /snap/intellij-idea-community/232/lib/idea_rt.jar
7f053582b000-7f053582c000 r--s 00005000 08:08 263381                     /home/patil/.m2/repository/org/springframework/spring-jcl/5.2.6.RELEASE/spring-jcl-5.2.6.RELEASE.jar
7f053582c000-7f0535848000 r--s 00145000 08:08 263363                     /home/patil/.m2/repository/org/springframework/spring-core/5.2.6.RELEASE/spring-core-5.2.6.RELEASE.jar
7f0535848000-7f053584a000 r--s 0000a000 08:08 394903                     /home/patil/.m2/repository/jakarta/activation/jakarta.activation-api/1.2.2/jakarta.activation-api-1.2.2.jar
7f053584a000-7f053584e000 r--s 00019000 08:08 394890                     /home/patil/.m2/repository/jakarta/xml/bind/jakarta.xml.bind-api/2.3.3/jakarta.xml.bind-api-2.3.3.jar
7f053584e000-7f0535850000 r--s 00006000 08:08 394907                     /home/patil/.m2/repository/net/minidev/accessors-smart/1.2/accessors-smart-1.2.jar
7f0535850000-7f0535853000 r--s 0001b000 08:08 394905                     /home/patil/.m2/repository/net/minidev/json-smart/2.3/json-smart-2.3.jar
7f0535853000-7f0535859000 r--s 00031000 08:08 394899                     /home/patil/.m2/repository/com/jayway/jsonpath/json-path/2.4.0/json-path-2.4.0.jar
7f0535859000-7f0535882000 r--s 0013c000 08:08 263366                     /home/patil/.m2/repository/org/springframework/boot/spring-boot-autoconfigure/2.3.0.RELEASE/spring-boot-autoconfigure-2.3.0.RELEASE.jar
7f0535882000-7f053589a000 r--s 000f8000 08:08 263384                     /home/patil/.m2/repository/org/springframework/boot/spring-boot/2.3.0.RELEASE/spring-boot-2.3.0.RELEASE.jar
7f053589a000-7f05358a0000 r--s 00031000 08:08 2244383                    /home/patil/.m2/repository/org/springframework/boot/spring-boot-devtools/2.3.0.RELEASE/spring-boot-devtools-2.3.0.RELEASE.jar
7f05358a0000-7f05358a5000 r--s 00040000 08:08 263365                     /home/patil/.m2/repository/org/springframework/spring-expression/5.2.6.RELEASE/spring-expression-5.2.6.RELEASE.jar
7f05358a5000-7f05358b8000 r--s 000d7000 08:08 394892                     /home/patil/.m2/repository/org/springframework/spring-webmvc/5.2.6.RELEASE/spring-webmvc-5.2.6.RELEASE.jar
7f05358b8000-7f05358bf000 r--s 00045000 08:08 263356                     /home/patil/.m2/repository/org/yaml/snakeyaml/1.26/snakeyaml-1.26.jar
7f05358bf000-7f05358c1000 r--s 00000000 08:08 263393                     /home/patil/.m2/repository/org/slf4j/jul-to-slf4j/1.7.30/jul-to-slf4j-1.7.30.jar
7f05358c1000-7f05358c7000 r--s 00042000 08:08 263372                     /home/patil/.m2/repository/org/apache/logging/log4j/log4j-api/2.13.2/log4j-api-2.13.2.jar
7f05358c7000-7f05358c9000 r--s 00003000 08:08 263390                     /home/patil/.m2/repository/org/apache/logging/log4j/log4j-to-slf4j/2.13.2/log4j-to-slf4j-2.13.2.jar
7f05358c9000-7f05358d4000 r--s 00069000 08:08 2903421                    /home/patil/.m2/repository/ch/qos/logback/logback-core/1.2.3/logback-core-1.2.3.jar
7f05358d4000-7f05358da000 r--s 00041000 08:08 2763309                    /home/patil/.m2/repository/ch/qos/logback/logback-classic/1.2.3/logback-classic-1.2.3.jar
7f05358da000-7f05358db000 r--s 00001000 08:08 263377                     /home/patil/.m2/repository/org/springframework/boot/spring-boot-starter-logging/2.3.0.RELEASE/spring-boot-starter-logging-2.3.0.RELEASE.jar
7f05358db000-7f05358dc000 r--s 00001000 08:08 263359                     /home/patil/.m2/repository/org/springframework/boot/spring-boot-starter/2.3.0.RELEASE/spring-boot-starter-2.3.0.RELEASE.jar
7f05358dc000-7f05358dd000 r--s 00001000 08:08 394885                     /home/patil/.m2/repository/org/springframework/boot/spring-boot-starter-web/2.3.0.RELEASE/spring-boot-starter-web-2.3.0.RELEASE.jar
7f05358dd000-7f05358df000 r--s 00007000 08:08 3155874                    /home/patil/.m2/repository/com/fasterxml/jackson/module/jackson-module-jaxb-annotations/2.11.0/jackson-module-jaxb-annotations-2.11.0.jar
7f05358df000-7f05358e2000 r--s 00012000 08:08 394886                     /home/patil/.m2/repository/org/glassfish/jersey/ext/jersey-entity-filtering/2.30.1/jersey-entity-filtering-2.30.1.jar
7f05358e2000-7f05358e5000 r--s 00010000 08:08 394845                     /home/patil/.m2/repository/org/glassfish/jersey/media/jersey-media-json-jackson/2.30.1/jersey-media-json-jackson-2.30.1.jar
7f05358e5000-7f05358e7000 r--s 00005000 08:08 394843                     /home/patil/.m2/repository/org/glassfish/hk2/spring-bridge/2.6.1/spring-bridge-2.6.1.jar
7f05358e7000-7f05358e8000 r--s 00013000 08:08 1062042                    /home/patil/.m2/repository/org/ow2/asm/asm-util/7.1/asm-util-7.1.jar
7f05358e8000-7f05358ea000 r--s 0000b000 08:08 1062046                    /home/patil/.m2/repository/org/ow2/asm/asm-tree/7.1/asm-tree-7.1.jar
7f05358ea000-7f05358ec000 r--s 00010000 08:08 1062047                    /home/patil/.m2/repository/org/ow2/asm/asm-commons/7.1/asm-commons-7.1.jar
7f05358ec000-7f05358ee000 r--s 00007000 08:08 1062055                    /home/patil/.m2/repository/org/ow2/asm/asm-analysis/7.1/asm-analysis-7.1.jar
7f05358ee000-7f05358f0000 r--s 0001b000 08:08 1062039                    /home/patil/.m2/repository/org/ow2/asm/asm/7.1/asm-7.1.jar
7f05358f0000-7f05358f3000 r--s 00016000 08:08 394883                     /home/patil/.m2/repository/org/glassfish/hk2/class-model/2.6.1/class-model-2.6.1.jar
7f05358f3000-7f05358f6000 r--s 0000f000 08:08 394842                     /home/patil/.m2/repository/org/glassfish/hk2/hk2-runlevel/2.6.1/hk2-runlevel-2.6.1.jar
7f05358f6000-7f05358f9000 r--s 0001d000 08:08 394867                     /home/patil/.m2/repository/org/glassfish/hk2/hk2-core/2.6.1/hk2-core-2.6.1.jar
7f05358f9000-7f05358fe000 r--s 0002c000 08:08 394864                     /home/patil/.m2/repository/org/glassfish/hk2/hk2-api/2.6.1/hk2-api-2.6.1.jar
7f05358fe000-7f0535902000 r--s 0001d000 08:08 394863                     /home/patil/.m2/repository/org/glassfish/hk2/hk2-utils/2.6.1/hk2-utils-2.6.1.jar
7f0535902000-7f0535903000 r--s 00003000 08:08 394834                     /home/patil/.m2/repository/org/glassfish/hk2/hk2/2.6.1/hk2-2.6.1.jar
7f0535903000-7f0535905000 r--s 00005000 08:08 394874                     /home/patil/.m2/repository/org/glassfish/hk2/external/aopalliance-repackaged/2.6.1/aopalliance-repackaged-2.6.1.jar
7f0535905000-7f0535909000 r--s 0002e000 08:08 394872                     /home/patil/.m2/repository/org/glassfish/hk2/hk2-locator/2.6.1/hk2-locator-2.6.1.jar
7f0535909000-7f053590b000 r--s 00011000 08:08 394860                     /home/patil/.m2/repository/org/glassfish/jersey/inject/jersey-hk2/2.30.1/jersey-hk2-2.30.1.jar
7f053590b000-7f053590c000 r--s 00008000 08:08 394856                     /home/patil/.m2/repository/org/glassfish/jersey/ext/jersey-spring5/2.30.1/jersey-spring5-2.30.1.jar
7f053590c000-7f053590e000 r--s 0000b000 08:08 394820                     /home/patil/.m2/repository/org/glassfish/jersey/ext/jersey-bean-validation/2.30.1/jersey-bean-validation-2.30.1.jar
7f053590e000-7f053590f000 r--s 00007000 08:08 394846                     /home/patil/.m2/repository/org/glassfish/jersey/containers/jersey-container-servlet/2.30.1/jersey-container-servlet-2.30.1.jar
7f053590f000-7f0535911000 r--s 00010000 08:08 394876                     /home/patil/.m2/repository/org/glassfish/jersey/containers/jersey-container-servlet-core/2.30.1/jersey-container-servlet-core-2.30.1.jar
7f0535911000-7f0535916000 r--s 00012000 08:08 394839                     /home/patil/.m2/repository/jakarta/validation/jakarta.validation-api/2.0.2/jakarta.validation-api-2.0.2.jar
7f0535916000-7f0535917000 r--s 00004000 08:08 394870                     /home/patil/.m2/repository/org/glassfish/hk2/external/jakarta.inject/2.6.1/jakarta.inject-2.6.1.jar
7f0535917000-7f0535919000 r--s 00013000 08:08 394824                     /home/patil/.m2/repository/org/glassfish/jersey/media/jersey-media-jaxb/2.30.1/jersey-media-jaxb-2.30.1.jar
7f0535919000-7f053591d000 r--s 0001f000 08:08 394888                     /home/patil/.m2/repository/jakarta/ws/rs/jakarta.ws.rs-api/2.1.6/jakarta.ws.rs-api-2.1.6.jar
7f053591d000-7f0535922000 r--s 00037000 08:08 394847                     /home/patil/.m2/repository/org/glassfish/jersey/core/jersey-client/2.30.1/jersey-client-2.30.1.jar
7f0535922000-7f0535923000 r--s 00004000 08:08 394848                     /home/patil/.m2/repository/org/glassfish/hk2/osgi-resource-locator/1.0.3/osgi-resource-locator-1.0.3.jar
7f0535923000-7f053593c000 r--s 00105000 08:08 394882                     /home/patil/.m2/repository/org/glassfish/jersey/core/jersey-common/2.30.1/jersey-common-2.30.1.jar
7f053593c000-7f053594f000 r--s 000d0000 08:08 394803                     /home/patil/.m2/repository/org/glassfish/jersey/core/jersey-server/2.30.1/jersey-server-2.30.1.jar
7f053594f000-7f053596b000 r--s 00143000 08:08 394880                     /home/patil/.m2/repository/org/springframework/spring-web/5.2.6.RELEASE/spring-web-5.2.6.RELEASE.jar
7f053596b000-7f053598c000 r--s 0011b000 08:08 394859                     /home/patil/.m2/repository/org/hibernate/validator/hibernate-validator/6.1.5.Final/hibernate-validator-6.1.5.Final.jar
7f053598c000-7f053598d000 r--s 00001000 08:08 394830                     /home/patil/.m2/repository/org/springframework/boot/spring-boot-starter-validation/2.3.0.RELEASE/spring-boot-starter-validation-2.3.0.RELEASE.jar
7f053598d000-7f0535993000 r--s 0003c000 08:08 394828                     /home/patil/.m2/repository/org/apache/tomcat/embed/tomcat-embed-websocket/9.0.35/tomcat-embed-websocket-9.0.35.jar
7f0535993000-7f0535998000 r--s 00036000 08:08 394832                     /home/patil/.m2/repository/org/glassfish/jakarta.el/3.0.3/jakarta.el-3.0.3.jar
7f0535998000-7f05359c3000 r--s 0030b000 08:08 394825                     /home/patil/.m2/repository/org/apache/tomcat/embed/tomcat-embed-core/9.0.35/tomcat-embed-core-9.0.35.jar
7f05359c3000-7f05359c5000 r--s 00005000 08:08 263396                     /home/patil/.m2/repository/jakarta/annotation/jakarta.annotation-api/1.3.5/jakarta.annotation-api-1.3.5.jar
7f05359c5000-7f05359c6000 r--s 00001000 08:08 394819                     /home/patil/.m2/repository/org/springframework/boot/spring-boot-starter-tomcat/2.3.0.RELEASE/spring-boot-starter-tomcat-2.3.0.RELEASE.jar
7f05359c6000-7f05359c8000 r--s 00001000 08:08 3155872                    /home/patil/.m2/repository/com/fasterxml/jackson/module/jackson-module-parameter-names/2.11.0/jackson-module-parameter-names-2.11.0.jar
7f05359c8000-7f05359cc000 r--s 00018000 08:08 3155870                    /home/patil/.m2/repository/com/fasterxml/jackson/datatype/jackson-datatype-jsr310/2.11.0/jackson-datatype-jsr310-2.11.0.jar
7f05359cc000-7f05359ce000 r--s 00007000 08:08 3155868                    /home/patil/.m2/repository/com/fasterxml/jackson/datatype/jackson-datatype-jdk8/2.11.0/jackson-datatype-jdk8-2.11.0.jar
7f05359ce000-7f05359cf000 r--s 00001000 08:08 394853                     /home/patil/.m2/repository/org/springframework/boot/spring-boot-starter-json/2.3.0.RELEASE/spring-boot-starter-json-2.3.0.RELEASE.jar
7f05359cf000-7f05359d0000 r--s 00001000 08:08 394816                     /home/patil/.m2/repository/org/springframework/boot/spring-boot-starter-jersey/2.3.0.RELEASE/spring-boot-starter-jersey-2.3.0.RELEASE.jar
7f05359d0000-7f05359d2000 r--s 00006000 08:08 412272                     /home/patil/.m2/repository/org/springframework/plugin/spring-plugin-core/2.0.0.RELEASE/spring-plugin-core-2.0.0.RELEASE.jar
7f05359d2000-7f05359de000 r--s 0007e000 08:08 412270                     /home/patil/.m2/repository/org/springframework/hateoas/spring-hateoas/1.1.0.RELEASE/spring-hateoas-1.1.0.RELEASE.jar
7f05359de000-7f05359df000 r--s 00001000 08:08 412268                     /home/patil/.m2/repository/org/springframework/boot/spring-boot-starter-hateoas/2.3.0.RELEASE/spring-boot-starter-hateoas-2.3.0.RELEASE.jar
7f05359df000-7f05359e1000 r--s 00005000 08:08 2115978                    /home/patil/.m2/repository/xpp3/xpp3_min/1.1.4c/xpp3_min-1.1.4c.jar
7f05359e1000-7f05359e2000 r--s 00001000 08:08 2115975                    /home/patil/.m2/repository/xmlpull/xmlpull/1.1.3.1/xmlpull-1.1.3.1.jar
7f05359e2000-7f05359f0000 r--s 0008a000 08:08 3157261                    /home/patil/.m2/repository/com/thoughtworks/xstream/xstream/1.4.11.1/xstream-1.4.11.1.jar
7f05359f0000-7f05359f2000 r--s 00003000 08:08 2245918                    /home/patil/.m2/repository/com/netflix/ribbon/ribbon-eureka/2.3.0/ribbon-eureka-2.3.0.jar
7f05359f2000-7f05359f4000 r--s 00006000 08:08 2245877                    /home/patil/.m2/repository/com/stoyanr/evictor/1.0.0/evictor-1.0.0.jar
7f05359f4000-7f05359f9000 r--s 00028000 08:08 2115905                    /home/patil/.m2/repository/org/springframework/spring-context-support/5.2.6.RELEASE/spring-context-support-5.2.6.RELEASE.jar
7f05359f9000-7f05359fa000 r--s 00001000 08:08 2245916                    /home/patil/.m2/repository/org/springframework/boot/spring-boot-starter-cache/2.3.0.RELEASE/spring-boot-starter-cache-2.3.0.RELEASE.jar
7f05359fa000-7f05359fe000 r--s 00028000 08:08 2245919                    /home/patil/.m2/repository/io/projectreactor/addons/reactor-extra/3.3.3.RELEASE/reactor-extra-3.3.3.RELEASE.jar
7f05359fe000-7f05359ff000 r--s 00002000 08:08 2245917                    /home/patil/.m2/repository/org/reactivestreams/reactive-streams/1.0.3/reactive-streams-1.0.3.jar
7f05359ff000-7f0535a14000 r--s 0016a000 08:08 2245913                    /home/patil/.m2/repository/io/projectreactor/reactor-core/3.3.5.RELEASE/reactor-core-3.3.5.RELEASE.jar
7f0535a14000-7f0535a17000 r--s 0000f000 08:08 2245894                    /home/patil/.m2/repository/org/springframework/cloud/spring-cloud-loadbalancer/2.2.3.RELEASE/spring-cloud-loadbalancer-2.2.3.RELEASE.jar
7f0535a17000-7f0535a18000 r--s 00000000 08:08 2245907                    /home/patil/.m2/repository/org/springframework/cloud/spring-cloud-starter-loadbalancer/2.2.3.RELEASE/spring-cloud-starter-loadbalancer-2.2.3.RELEASE.jar
7f0535a18000-7f0535a31000 r--s 00102000 08:08 2115901                    /home/patil/.m2/repository/io/reactivex/rxjava/1.3.8/rxjava-1.3.8.jar
7f0535a31000-7f0535a33000 r--s 00002000 08:08 2116016                    /home/patil/.m2/repository/com/netflix/netflix-commons/netflix-statistics/0.1.1/netflix-statistics-0.1.1.jar
7f0535a33000-7f0535a37000 r--s 00024000 08:08 2245925                    /home/patil/.m2/repository/com/netflix/ribbon/ribbon-loadbalancer/2.3.0/ribbon-loadbalancer-2.3.0.jar
7f0535a37000-7f0535a38000 r--s 00001000 08:08 2116019                    /home/patil/.m2/repository/com/netflix/netflix-commons/netflix-commons-util/0.1.1/netflix-commons-util-0.1.1.jar
7f0535a38000-7f0535a45000 r--s 00083000 08:08 8680913                    /home/patil/.m2/repository/commons-collections/commons-collections/3.2.2/commons-collections-3.2.2.jar
7f0535a45000-7f0535a47000 r--s 0000c000 08:08 2245908                    /home/patil/.m2/repository/com/netflix/ribbon/ribbon-httpclient/2.3.0/ribbon-httpclient-2.3.0.jar
7f0535a47000-7f0535a4b000 r--s 00011000 08:08 2245923                    /home/patil/.m2/repository/com/netflix/ribbon/ribbon-core/2.3.0/ribbon-core-2.3.0.jar
7f0535a4b000-7f0535a55000 r--s 00059000 08:08 2116006                    /home/patil/.m2/repository/io/reactivex/rxnetty/0.4.9/rxnetty-0.4.9.jar
7f0535a55000-7f0535a5d000 r--s 0003e000 08:08 2116010                    /home/patil/.m2/repository/com/netflix/hystrix/hystrix-core/1.4.3/hystrix-core-1.4.3.jar
7f0535a5d000-7f0535a5f000 r--s 00006000 08:08 2115998                    /home/patil/.m2/repository/io/reactivex/rxnetty-servo/0.4.9/rxnetty-servo-0.4.9.jar
7f0535a5f000-7f0535a62000 r--s 0000b000 08:08 2115983                    /home/patil/.m2/repository/io/reactivex/rxnetty-contexts/0.4.9/rxnetty-contexts-0.4.9.jar
7f0535a62000-7f0535a63000 r--s 00009000 08:08 2245905                    /home/patil/.m2/repository/com/netflix/ribbon/ribbon-transport/2.3.0/ribbon-transport-2.3.0.jar
7f0535a63000-7f0535a67000 r--s 00012000 08:08 2245903                    /home/patil/.m2/repository/com/netflix/ribbon/ribbon/2.3.0/ribbon-2.3.0.jar
7f0535a67000-7f0535a68000 r--s 00000000 08:08 2245881                    /home/patil/.m2/repository/org/springframework/cloud/spring-cloud-starter-netflix-ribbon/2.2.3.RELEASE/spring-cloud-starter-netflix-ribbon-2.2.3.RELEASE.jar
7f0535a68000-7f0535a69000 r--s 00003000 08:08 2245896                    /home/patil/.m2/repository/org/springframework/cloud/spring-cloud-netflix-archaius/2.2.3.RELEASE/spring-cloud-netflix-archaius-2.2.3.RELEASE.jar
7f0535a69000-7f0535a6c000 r--s 00018000 08:08 2245899                    /home/patil/.m2/repository/org/springframework/cloud/spring-cloud-netflix-ribbon/2.2.3.RELEASE/spring-cloud-netflix-ribbon-2.2.3.RELEASE.jar
7f0535a6c000-7f0535a6d000 r--s 00000000 08:08 2245902                    /home/patil/.m2/repository/org/springframework/cloud/spring-cloud-starter-netflix-archaius/2.2.3.RELEASE/spring-cloud-starter-netflix-archaius-2.2.3.RELEASE.jar
7f0535a6d000-7f0535a72000 r--s 0003a000 08:08 2245888                    /home/patil/.m2/repository/com/netflix/eureka/eureka-core/1.9.21/eureka-core-1.9.21.jar
7f0535a72000-7f0535a78000 r--s 0007a000 08:08 3027172                    /home/patil/.m2/repository/com/fasterxml/woodstox/woodstox-core/5.3.0/woodstox-core-5.3.0.jar
7f0535a78000-7f0535a7c000 r--s 0002c000 08:08 2115949                    /home/patil/.m2/repository/org/codehaus/woodstox/stax2-api/4.2/stax2-api-4.2.jar
7f0535a7c000-7f0535a7f000 r--s 00018000 08:08 3027122                    /home/patil/.m2/repository/com/fasterxml/jackson/dataformat/jackson-dataformat-xml/2.11.0/jackson-dataformat-xml-2.11.0.jar
7f0535a7f000-7f0535a95000 r--s 00145000 08:08 3024847                    /home/patil/.m2/repository/com/fasterxml/jackson/core/jackson-databind/2.11.0/jackson-databind-2.11.0.jar
7f0535a95000-7f0535a99000 r--s 00052000 08:08 3024855                    /home/patil/.m2/repository/com/fasterxml/jackson/core/jackson-core/2.11.0/jackson-core-2.11.0.jar
7f0535a99000-7f0535a9c000 r--s 0000e000 08:08 3024853                    /home/patil/.m2/repository/com/fasterxml/jackson/core/jackson-annotations/2.11.0/jackson-annotations-2.11.0.jar
7f0535a9c000-7f0535a9e000 r--s 00000000 08:08 2115934                    /home/patil/.m2/repository/aopalliance/aopalliance/1.0/aopalliance-1.0.jar
7f0535a9e000-7f0535a9f000 r--s 00000000 08:08 1062405                    /home/patil/.m2/repository/javax/inject/javax.inject/1/javax.inject-1.jar
7f0535a9f000-7f0535aad000 r--s 00097000 08:08 9733035                    /home/patil/.m2/repository/com/google/inject/guice/4.1.0/guice-4.1.0.jar
7f0535aad000-7f0535ab2000 r--s 00041000 08:08 9071515                    /home/patil/.m2/repository/commons-lang/commons-lang/2.6/commons-lang-2.6.jar
7f0535ab2000-7f0535ab9000 r--s 00052000 08:08 2244701                    /home/patil/.m2/repository/commons-configuration/commons-configuration/1.10/commons-configuration-1.10.jar
7f0535ab9000-7f0535ac0000 r--s 0004e000 08:08 9595838                    /home/patil/.m2/repository/commons-codec/commons-codec/1.14/commons-codec-1.14.jar
7f0535ac0000-7f0535ac8000 r--s 00049000 08:08 1062403                    /home/patil/.m2/repository/org/apache/httpcomponents/httpcore/4.4.13/httpcore-4.4.13.jar
7f0535ac8000-7f0535ad5000 r--s 000b1000 08:08 1062401                    /home/patil/.m2/repository/org/apache/httpcomponents/httpclient/4.5.12/httpclient-4.5.12.jar
7f0535ad5000-7f0535ad7000 r--s 00003000 08:08 3027126                    /home/patil/.m2/repository/com/sun/jersey/contribs/jersey-apache-client4/1.19.1/jersey-apache-client4-1.19.1.jar
7f0535ad7000-7f0535ada000 r--s 0001e000 08:08 3027121                    /home/patil/.m2/repository/com/sun/jersey/jersey-client/1.19.1/jersey-client-1.19.1.jar
7f0535ada000-7f0535ae4000 r--s 00061000 08:08 3027111                    /home/patil/.m2/repository/com/sun/jersey/jersey-core/1.19.1/jersey-core-1.19.1.jar
7f0535ae4000-7f0535ae9000 r--s 00033000 08:08 2244696                    /home/patil/.m2/repository/com/netflix/servo/servo-core/0.12.21/servo-core-0.12.21.jar
7f0535ae9000-7f0535aeb000 r--s 0000a000 08:08 2115955                    /home/patil/.m2/repository/javax/ws/rs/jsr311-api/1.1.1/jsr311-api-1.1.1.jar
7f0535aeb000-7f0535b16000 r--s 001f5000 08:08 412871                     /home/patil/.m2/repository/com/google/guava/guava/16.0/guava-16.0.jar
7f0535b16000-7f0535b1a000 r--s 0001f000 08:08 2244698                    /home/patil/.m2/repository/com/netflix/archaius/archaius-core/0.7.6/archaius-core-0.7.6.jar
7f0535b1a000-7f0535b2d000 r--s 000df000 08:08 2115929                    /home/patil/.m2/repository/org/apache/commons/commons-math/2.2/commons-math-2.2.jar
7f0535b2d000-7f0535b32000 r--s 00036000 08:08 9733033                    /home/patil/.m2/repository/com/google/code/gson/gson/2.8.6/gson-2.8.6.jar
7f0535b32000-7f0535b35000 r--s 00022000 08:08 2115923                    /home/patil/.m2/repository/org/antlr/stringtemplate/3.2.1/stringtemplate-3.2.1.jar
7f0535b35000-7f0535b39000 r--s 00025000 08:08 2115922                    /home/patil/.m2/repository/org/antlr/antlr-runtime/3.4/antlr-runtime-3.4.jar
7f0535b39000-7f0535b48000 r--s 0007f000 08:08 2244555                    /home/patil/.m2/repository/joda-time/joda-time/2.3/joda-time-2.3.jar
7f0535b48000-7f0535b4e000 r--s 00044000 08:08 2115920                    /home/patil/.m2/repository/commons-jxpath/commons-jxpath/1.3/commons-jxpath-1.3.jar
7f0535b4e000-7f0535b51000 r--s 00016000 08:08 2115918                    /home/patil/.m2/repository/com/netflix/netflix-commons/netflix-infix/0.3.0/netflix-infix-0.3.0.jar
7f0535b51000-7f0535b53000 r--s 0000f000 08:08 2115914                    /home/patil/.m2/repository/com/netflix/netflix-commons/netflix-eventbus/0.3.0/netflix-eventbus-0.3.0.jar
7f0535b53000-7f0535b55000 r--s 00005000 08:08 2115909                    /home/patil/.m2/repository/stax/stax-api/1.0.1/stax-api-1.0.1.jar
7f0535b55000-7f0535b58000 r--s 00012000 08:08 2115917                    /home/patil/.m2/repository/org/codehaus/jettison/jettison/1.3.7/jettison-1.3.7.jar
7f0535b58000-7f0535b62000 r--s 00063000 08:08 2245887                    /home/patil/.m2/repository/com/netflix/eureka/eureka-client/1.9.21/eureka-client-1.9.21.jar
7f0535b62000-7f0535b66000 r--s 0001b000 08:08 2245883                    /home/patil/.m2/repository/org/springframework/cloud/spring-cloud-netflix-eureka-client/2.2.3.RELEASE/spring-cloud-netflix-eureka-client-2.2.3.RELEASE.jar
7f0535b66000-7f0535b68000 r--s 00009000 08:08 2245886                    /home/patil/.m2/repository/org/springframework/cloud/spring-cloud-netflix-hystrix/2.2.3.RELEASE/spring-cloud-netflix-hystrix-2.2.3.RELEASE.jar
7f0535b68000-7f0535bc9000 r--s 0042c000 08:08 3154868                    /home/patil/.m2/repository/org/bouncycastle/bcprov-jdk15on/1.64/bcprov-jdk15on-1.64.jar
7f0535bc9000-7f0535bdd000 r--s 000c3000 08:08 3154867                    /home/patil/.m2/repository/org/bouncycastle/bcpkix-jdk15on/1.64/bcpkix-jdk15on-1.64.jar
7f0535bdd000-7f0535bde000 r--s 00004000 08:08 2245878                    /home/patil/.m2/repository/org/springframework/security/spring-security-rsa/1.0.9.RELEASE/spring-security-rsa-1.0.9.RELEASE.jar
7f0535bde000-7f0535be6000 r--s 0002d000 08:08 2245904                    /home/patil/.m2/repository/org/springframework/cloud/spring-cloud-commons/2.2.3.RELEASE/spring-cloud-commons-2.2.3.RELEASE.jar
7f0535be6000-7f0535be9000 r--s 00011000 08:08 2115881                    /home/patil/.m2/repository/org/springframework/security/spring-security-crypto/5.3.2.RELEASE/spring-security-crypto-5.3.2.RELEASE.jar
7f0535be9000-7f0535bee000 r--s 0001b000 08:08 2245900                    /home/patil/.m2/repository/org/springframework/cloud/spring-cloud-context/2.2.3.RELEASE/spring-cloud-context-2.2.3.RELEASE.jar
7f0535bee000-7f0535bef000 r--s 00000000 08:08 2245914                    /home/patil/.m2/repository/org/springframework/cloud/spring-cloud-starter/2.2.3.RELEASE/spring-cloud-starter-2.2.3.RELEASE.jar
7f0535bef000-7f0535bf0000 r--s 00000000 08:08 2245870                    /home/patil/.m2/repository/org/springframework/cloud/spring-cloud-starter-netflix-eureka-client/2.2.3.RELEASE/spring-cloud-starter-netflix-eureka-client-2.2.3.RELEASE.jar
7f0535bf0000-7f0535c0a000 r--s 0022d000 08:08 395656                     /home/patil/.m2/repository/mysql/mysql-connector-java/8.0.20/mysql-connector-java-8.0.20.jar
7f0535c0a000-7f0535c16000 r--s 0009c000 08:08 263375                     /home/patil/.m2/repository/org/springframework/spring-beans/5.2.6.RELEASE/spring-beans-5.2.6.RELEASE.jar
7f0535c16000-7f0535c1f000 r--s 00044000 08:08 263382                     /home/patil/.m2/repository/org/springframework/spring-tx/5.2.6.RELEASE/spring-tx-5.2.6.RELEASE.jar
7f0535c1f000-7f0535c22000 ---p 00000000 00:00 0 
7f0535c22000-7f0535d20000 rw-p 00000000 00:00 0 
7f0535d20000-7f05366ef000 r--p 00000000 08:08 6573227                    /usr/lib/locale/locale-archive
7f05366ef000-7f05366f2000 ---p 00000000 00:00 0 
7f05366f2000-7f05367f0000 rw-p 00000000 00:00 0 
7f05367f0000-7f05367f3000 ---p 00000000 00:00 0 
7f05367f3000-7f05368f1000 rw-p 00000000 00:00 0 
7f05368f1000-7f05368f2000 ---p 00000000 00:00 0 
7f05368f2000-7f0538000000 rw-p 00000000 00:00 0 
7f0538000000-7f0538021000 rw-p 00000000 00:00 0 
7f0538021000-7f053c000000 ---p 00000000 00:00 0 
7f053c000000-7f053c021000 rw-p 00000000 00:00 0 
7f053c021000-7f0540000000 ---p 00000000 00:00 0 
7f0540000000-7f0540021000 rw-p 00000000 00:00 0 
7f0540021000-7f0544000000 ---p 00000000 00:00 0 
7f0544000000-7f0544002000 r--s 0000a000 08:08 394814                     /home/patil/.m2/repository/org/springframework/spring-aspects/5.2.6.RELEASE/spring-aspects-5.2.6.RELEASE.jar
7f0544002000-7f0544004000 r--s 00009000 08:08 263371                     /home/patil/.m2/repository/org/slf4j/slf4j-api/1.7.30/slf4j-api-1.7.30.jar
7f0544004000-7f054401f000 r--s 00111000 08:08 263350                     /home/patil/.m2/repository/org/springframework/spring-context/5.2.6.RELEASE/spring-context-5.2.6.RELEASE.jar
7f054401f000-7f0544024000 r--s 0002d000 08:08 394812                     /home/patil/.m2/repository/org/springframework/spring-orm/5.2.6.RELEASE/spring-orm-5.2.6.RELEASE.jar
7f0544024000-7f054403c000 r--s 00111000 08:08 394810                     /home/patil/.m2/repository/org/springframework/data/spring-data-commons/2.3.0.RELEASE/spring-data-commons-2.3.0.RELEASE.jar
7f054403c000-7f0544044000 r--s 00052000 08:08 394808                     /home/patil/.m2/repository/org/springframework/data/spring-data-jpa/2.3.0.RELEASE/spring-data-jpa-2.3.0.RELEASE.jar
7f0544044000-7f0544046000 r--s 0000f000 08:08 3024841                    /home/patil/.m2/repository/com/sun/activation/jakarta.activation/1.2.2/jakarta.activation-1.2.2.jar
7f0544046000-7f0544048000 r--s 00006000 08:08 3024842                    /home/patil/.m2/repository/com/sun/istack/istack-commons-runtime/3.0.11/istack-commons-runtime-3.0.11.jar
7f0544048000-7f054404a000 r--s 00010000 08:08 394795                     /home/patil/.m2/repository/org/glassfish/jaxb/txw2/2.3.3/txw2-2.3.3.jar
7f054404a000-7f054405f000 r--s 000e8000 08:08 263348                     /home/patil/.m2/repository/org/glassfish/jaxb/jaxb-runtime/2.3.3/jaxb-runtime-2.3.3.jar
7f054405f000-7f0544062000 r--s 00010000 08:08 394802                     /home/patil/.m2/repository/org/hibernate/common/hibernate-commons-annotations/5.1.0.Final/hibernate-commons-annotations-5.1.0.Final.jar
7f0544062000-7f0544067000 r--s 0004b000 08:08 394801                     /home/patil/.m2/repository/org/dom4j/dom4j/2.1.3/dom4j-2.1.3.jar
7f0544067000-7f054406a000 r--s 0002d000 08:08 394798                     /home/patil/.m2/repository/org/jboss/jandex/2.1.3.Final/jandex-2.1.3.Final.jar
7f054406a000-7f05440b4000 r--s 00306000 08:08 394920                     /home/patil/.m2/repository/net/bytebuddy/byte-buddy/1.10.10/byte-buddy-1.10.10.jar
7f05440b4000-7f05440be000 r--s 000b4000 08:08 394794                     /home/patil/.m2/repository/org/javassist/javassist/3.24.0-GA/javassist-3.24.0-GA.jar
7f05440be000-7f0544290000 r--s 03ca5000 08:08 6584805                    /usr/lib/jvm/java-8-openjdk-amd64/jre/lib/rt.jar
7f0544290000-7f0548000000 rw-p 00000000 00:00 0 
7f0548000000-7f0548021000 rw-p 00000000 00:00 0 
7f0548021000-7f054c000000 ---p 00000000 00:00 0 
7f054c000000-7f054c002000 r--s 0000f000 08:08 3024849                    /home/patil/.m2/repository/com/fasterxml/classmate/1.5.1/classmate-1.5.1.jar
7f054c002000-7f054c007000 r--s 00068000 08:08 8676114                    /home/patil/.m2/repository/antlr/antlr/2.7.7/antlr-2.7.7.jar
7f054c007000-7f054c009000 r--s 0000d000 08:08 394831                     /home/patil/.m2/repository/org/jboss/logging/jboss-logging/3.4.1.Final/jboss-logging-3.4.1.Final.jar
7f054c009000-7f054c08f000 r--s 0066f000 08:08 394790                     /home/patil/.m2/repository/org/hibernate/hibernate-core/5.4.15.Final/hibernate-core-5.4.15.Final.jar
7f054c08f000-7f054c095000 r--s 00023000 08:08 263347                     /home/patil/.m2/repository/jakarta/persistence/jakarta.persistence-api/2.2.3/jakarta.persistence-api-2.2.3.jar
7f054c095000-7f054c09f000 r--s 0005a000 08:08 263368                     /home/patil/.m2/repository/org/springframework/spring-jdbc/5.2.6.RELEASE/spring-jdbc-5.2.6.RELEASE.jar
7f054c09f000-7f054c0a3000 r--s 00023000 08:08 263354                     /home/patil/.m2/repository/com/zaxxer/HikariCP/3.4.5/HikariCP-3.4.5.jar
7f054c0a3000-7f054c0bc000 r--s 001da000 08:08 263374                     /home/patil/.m2/repository/org/aspectj/aspectjweaver/1.9.5/aspectjweaver-1.9.5.jar
7f054c0bc000-7f054c594000 rw-p 00000000 00:00 0 
7f054c594000-7f054c595000 ---p 00000000 00:00 0 
7f054c595000-7f054c695000 rw-p 00000000 00:00 0 
7f054c695000-7f054c696000 ---p 00000000 00:00 0 
7f054c696000-7f054c796000 rw-p 00000000 00:00 0 
7f054c796000-7f054c797000 ---p 00000000 00:00 0 
7f054c797000-7f054c897000 rw-p 00000000 00:00 0 
7f054c897000-7f054c898000 ---p 00000000 00:00 0 
7f054c898000-7f054c9ae000 rw-p 00000000 00:00 0 
7f054c9ae000-7f054cc28000 ---p 00000000 00:00 0 
7f054cc28000-7f054cc3e000 rw-p 00000000 00:00 0 
7f054cc3e000-7f054ceb7000 ---p 00000000 00:00 0 
7f054ceb7000-7f054cf79000 rw-p 00000000 00:00 0 
7f054cf79000-7f054cfff000 ---p 00000000 00:00 0 
7f054cfff000-7f054d000000 rw-p 00000000 00:00 0 
7f054d000000-7f054db70000 rwxp 00000000 00:00 0 
7f054db70000-7f055c000000 ---p 00000000 00:00 0 
7f055c000000-7f055cc30000 rw-p 00000000 00:00 0 
7f055cc30000-7f0560000000 ---p 00000000 00:00 0 
7f0560000000-7f0560001000 r--s 00003000 08:08 263346                     /home/patil/.m2/repository/jakarta/transaction/jakarta.transaction-api/1.3.3/jakarta.transaction-api-1.3.3.jar
7f0560001000-7f0560002000 r--s 00001000 08:08 263357                     /home/patil/.m2/repository/org/springframework/boot/spring-boot-starter-jdbc/2.3.0.RELEASE/spring-boot-starter-jdbc-2.3.0.RELEASE.jar
7f0560002000-7f056000b000 r--s 00052000 08:08 263360                     /home/patil/.m2/repository/org/springframework/spring-aop/5.2.6.RELEASE/spring-aop-5.2.6.RELEASE.jar
7f056000b000-7f056001e000 r--s 00346000 08:08 6584804                    /usr/lib/jvm/java-8-openjdk-amd64/jre/lib/resources.jar
7f056001e000-7f0560023000 r--s 000a7000 08:08 6584799                    /usr/lib/jvm/java-8-openjdk-amd64/jre/lib/jsse.jar
7f0560023000-7f0560028000 r--s 002f9000 08:08 6584766                    /usr/lib/jvm/java-8-openjdk-amd64/jre/lib/charsets.jar
7f0560028000-7f0560043000 r--s 001d6000 08:08 6584781                    /usr/lib/jvm/java-8-openjdk-amd64/jre/lib/ext/nashorn.jar
7f0560043000-7f056005e000 r--s 00394000 08:08 6584776                    /usr/lib/jvm/java-8-openjdk-amd64/jre/lib/ext/cldrdata.jar
7f056005e000-7f0560102000 rw-p 00000000 00:00 0 
7f0560102000-7f0560494000 ---p 00000000 00:00 0 
7f0560494000-7f056049c000 r-xp 00000000 08:08 6584762                    /usr/lib/jvm/java-8-openjdk-amd64/jre/lib/amd64/libzip.so
7f056049c000-7f056069b000 ---p 00008000 08:08 6584762                    /usr/lib/jvm/java-8-openjdk-amd64/jre/lib/amd64/libzip.so
7f056069b000-7f056069c000 r--p 00007000 08:08 6584762                    /usr/lib/jvm/java-8-openjdk-amd64/jre/lib/amd64/libzip.so
7f056069c000-7f056069d000 rw-p 00008000 08:08 6584762                    /usr/lib/jvm/java-8-openjdk-amd64/jre/lib/amd64/libzip.so
7f056069d000-7f05606a8000 r-xp 00000000 08:08 5126813                    /lib/x86_64-linux-gnu/libnss_files-2.27.so
7f05606a8000-7f05608a7000 ---p 0000b000 08:08 5126813                    /lib/x86_64-linux-gnu/libnss_files-2.27.so
7f05608a7000-7f05608a8000 r--p 0000a000 08:08 5126813                    /lib/x86_64-linux-gnu/libnss_files-2.27.so
7f05608a8000-7f05608a9000 rw-p 0000b000 08:08 5126813                    /lib/x86_64-linux-gnu/libnss_files-2.27.so
7f05608a9000-7f05608af000 rw-p 00000000 00:00 0 
7f05608af000-7f05608c6000 r-xp 00000000 08:08 5126807                    /lib/x86_64-linux-gnu/libnsl-2.27.so
7f05608c6000-7f0560ac5000 ---p 00017000 08:08 5126807                    /lib/x86_64-linux-gnu/libnsl-2.27.so
7f0560ac5000-7f0560ac6000 r--p 00016000 08:08 5126807                    /lib/x86_64-linux-gnu/libnsl-2.27.so
7f0560ac6000-7f0560ac7000 rw-p 00017000 08:08 5126807                    /lib/x86_64-linux-gnu/libnsl-2.27.so
7f0560ac7000-7f0560ac9000 rw-p 00000000 00:00 0 
7f0560ac9000-7f0560ad4000 r-xp 00000000 08:08 5126824                    /lib/x86_64-linux-gnu/libnss_nis-2.27.so
7f0560ad4000-7f0560cd3000 ---p 0000b000 08:08 5126824                    /lib/x86_64-linux-gnu/libnss_nis-2.27.so
7f0560cd3000-7f0560cd4000 r--p 0000a000 08:08 5126824                    /lib/x86_64-linux-gnu/libnss_nis-2.27.so
7f0560cd4000-7f0560cd5000 rw-p 0000b000 08:08 5126824                    /lib/x86_64-linux-gnu/libnss_nis-2.27.so
7f0560cd5000-7f0560cdd000 r-xp 00000000 08:08 5126809                    /lib/x86_64-linux-gnu/libnss_compat-2.27.so
7f0560cdd000-7f0560edd000 ---p 00008000 08:08 5126809                    /lib/x86_64-linux-gnu/libnss_compat-2.27.so
7f0560edd000-7f0560ede000 r--p 00008000 08:08 5126809                    /lib/x86_64-linux-gnu/libnss_compat-2.27.so
7f0560ede000-7f0560edf000 rw-p 00009000 08:08 5126809                    /lib/x86_64-linux-gnu/libnss_compat-2.27.so
7f0560edf000-7f0560ee9000 r-xp 00000000 08:08 6583674                    /usr/lib/jvm/java-8-openjdk-amd64/jre/lib/amd64/libinstrument.so
7f0560ee9000-7f05610e8000 ---p 0000a000 08:08 6583674                    /usr/lib/jvm/java-8-openjdk-amd64/jre/lib/amd64/libinstrument.so
7f05610e8000-7f05610e9000 r--p 00009000 08:08 6583674                    /usr/lib/jvm/java-8-openjdk-amd64/jre/lib/amd64/libinstrument.so
7f05610e9000-7f05610ea000 rw-p 0000a000 08:08 6583674                    /usr/lib/jvm/java-8-openjdk-amd64/jre/lib/amd64/libinstrument.so
7f05610ea000-7f0561114000 r-xp 00000000 08:08 6583764                    /usr/lib/jvm/java-8-openjdk-amd64/jre/lib/amd64/libjava.so
7f0561114000-7f0561313000 ---p 0002a000 08:08 6583764                    /usr/lib/jvm/java-8-openjdk-amd64/jre/lib/amd64/libjava.so
7f0561313000-7f0561314000 r--p 00029000 08:08 6583764                    /usr/lib/jvm/java-8-openjdk-amd64/jre/lib/amd64/libjava.so
7f0561314000-7f0561316000 rw-p 0002a000 08:08 6583764                    /usr/lib/jvm/java-8-openjdk-amd64/jre/lib/amd64/libjava.so
7f0561316000-7f0561326000 r-xp 00000000 08:08 6584761                    /usr/lib/jvm/java-8-openjdk-amd64/jre/lib/amd64/libverify.so
7f0561326000-7f0561525000 ---p 00010000 08:08 6584761                    /usr/lib/jvm/java-8-openjdk-amd64/jre/lib/amd64/libverify.so
7f0561525000-7f0561527000 r--p 0000f000 08:08 6584761                    /usr/lib/jvm/java-8-openjdk-amd64/jre/lib/amd64/libverify.so
7f0561527000-7f0561528000 rw-p 00011000 08:08 6584761                    /usr/lib/jvm/java-8-openjdk-amd64/jre/lib/amd64/libverify.so
7f0561528000-7f056152f000 r-xp 00000000 08:08 5126864                    /lib/x86_64-linux-gnu/librt-2.27.so
7f056152f000-7f056172e000 ---p 00007000 08:08 5126864                    /lib/x86_64-linux-gnu/librt-2.27.so
7f056172e000-7f056172f000 r--p 00006000 08:08 5126864                    /lib/x86_64-linux-gnu/librt-2.27.so
7f056172f000-7f0561730000 rw-p 00007000 08:08 5126864                    /lib/x86_64-linux-gnu/librt-2.27.so
7f0561730000-7f0561747000 r-xp 00000000 08:08 5122065                    /lib/x86_64-linux-gnu/libgcc_s.so.1
7f0561747000-7f0561946000 ---p 00017000 08:08 5122065                    /lib/x86_64-linux-gnu/libgcc_s.so.1
7f0561946000-7f0561947000 r--p 00016000 08:08 5122065                    /lib/x86_64-linux-gnu/libgcc_s.so.1
7f0561947000-7f0561948000 rw-p 00017000 08:08 5122065                    /lib/x86_64-linux-gnu/libgcc_s.so.1
7f0561948000-7f0561ae5000 r-xp 00000000 08:08 5126786                    /lib/x86_64-linux-gnu/libm-2.27.so
7f0561ae5000-7f0561ce4000 ---p 0019d000 08:08 5126786                    /lib/x86_64-linux-gnu/libm-2.27.so
7f0561ce4000-7f0561ce5000 r--p 0019c000 08:08 5126786                    /lib/x86_64-linux-gnu/libm-2.27.so
7f0561ce5000-7f0561ce6000 rw-p 0019d000 08:08 5126786                    /lib/x86_64-linux-gnu/libm-2.27.so
7f0561ce6000-7f0561e5f000 r-xp 00000000 08:08 6566588                    /usr/lib/x86_64-linux-gnu/libstdc++.so.6.0.25
7f0561e5f000-7f056205f000 ---p 00179000 08:08 6566588                    /usr/lib/x86_64-linux-gnu/libstdc++.so.6.0.25
7f056205f000-7f0562069000 r--p 00179000 08:08 6566588                    /usr/lib/x86_64-linux-gnu/libstdc++.so.6.0.25
7f0562069000-7f056206b000 rw-p 00183000 08:08 6566588                    /usr/lib/x86_64-linux-gnu/libstdc++.so.6.0.25
7f056206b000-7f056206f000 rw-p 00000000 00:00 0 
7f056206f000-7f0562d13000 r-xp 00000000 08:08 6584765                    /usr/lib/jvm/java-8-openjdk-amd64/jre/lib/amd64/server/libjvm.so
7f0562d13000-7f0562f13000 ---p 00ca4000 08:08 6584765                    /usr/lib/jvm/java-8-openjdk-amd64/jre/lib/amd64/server/libjvm.so
7f0562f13000-7f0562fa7000 r--p 00ca4000 08:08 6584765                    /usr/lib/jvm/java-8-openjdk-amd64/jre/lib/amd64/server/libjvm.so
7f0562fa7000-7f0562fd0000 rw-p 00d38000 08:08 6584765                    /usr/lib/jvm/java-8-openjdk-amd64/jre/lib/amd64/server/libjvm.so
7f0562fd0000-7f0563000000 rw-p 00000000 00:00 0 
7f0563000000-7f056301a000 r-xp 00000000 08:08 5126856                    /lib/x86_64-linux-gnu/libpthread-2.27.so
7f056301a000-7f0563219000 ---p 0001a000 08:08 5126856                    /lib/x86_64-linux-gnu/libpthread-2.27.so
7f0563219000-7f056321a000 r--p 00019000 08:08 5126856                    /lib/x86_64-linux-gnu/libpthread-2.27.so
7f056321a000-7f056321b000 rw-p 0001a000 08:08 5126856                    /lib/x86_64-linux-gnu/libpthread-2.27.so
7f056321b000-7f056321f000 rw-p 00000000 00:00 0 
7f056321f000-7f0563222000 r-xp 00000000 08:08 5126746                    /lib/x86_64-linux-gnu/libdl-2.27.so
7f0563222000-7f0563421000 ---p 00003000 08:08 5126746                    /lib/x86_64-linux-gnu/libdl-2.27.so
7f0563421000-7f0563422000 r--p 00002000 08:08 5126746                    /lib/x86_64-linux-gnu/libdl-2.27.so
7f0563422000-7f0563423000 rw-p 00003000 08:08 5126746                    /lib/x86_64-linux-gnu/libdl-2.27.so
7f0563423000-7f056343f000 r-xp 00000000 08:08 5126895                    /lib/x86_64-linux-gnu/libz.so.1.2.11
7f056343f000-7f056363e000 ---p 0001c000 08:08 5126895                    /lib/x86_64-linux-gnu/libz.so.1.2.11
7f056363e000-7f056363f000 r--p 0001b000 08:08 5126895                    /lib/x86_64-linux-gnu/libz.so.1.2.11
7f056363f000-7f0563640000 rw-p 0001c000 08:08 5126895                    /lib/x86_64-linux-gnu/libz.so.1.2.11
7f0563640000-7f0563827000 r-xp 00000000 08:08 5126723                    /lib/x86_64-linux-gnu/libc-2.27.so
7f0563827000-7f0563a27000 ---p 001e7000 08:08 5126723                    /lib/x86_64-linux-gnu/libc-2.27.so
7f0563a27000-7f0563a2b000 r--p 001e7000 08:08 5126723                    /lib/x86_64-linux-gnu/libc-2.27.so
7f0563a2b000-7f0563a2d000 rw-p 001eb000 08:08 5126723                    /lib/x86_64-linux-gnu/libc-2.27.so
7f0563a2d000-7f0563a31000 rw-p 00000000 00:00 0 
7f0563a31000-7f0563a3f000 r-xp 00000000 08:08 6583664                    /usr/lib/jvm/java-8-openjdk-amd64/jre/lib/amd64/jli/libjli.so
7f0563a3f000-7f0563c3e000 ---p 0000e000 08:08 6583664                    /usr/lib/jvm/java-8-openjdk-amd64/jre/lib/amd64/jli/libjli.so
7f0563c3e000-7f0563c3f000 r--p 0000d000 08:08 6583664                    /usr/lib/jvm/java-8-openjdk-amd64/jre/lib/amd64/jli/libjli.so
7f0563c3f000-7f0563c40000 rw-p 0000e000 08:08 6583664                    /usr/lib/jvm/java-8-openjdk-amd64/jre/lib/amd64/jli/libjli.so
7f0563c40000-7f0563c67000 r-xp 00000000 08:08 5126695                    /lib/x86_64-linux-gnu/ld-2.27.so
7f0563c67000-7f0563c68000 r--s 00001000 08:08 263351                     /home/patil/.m2/repository/org/springframework/boot/spring-boot-starter-aop/2.3.0.RELEASE/spring-boot-starter-aop-2.3.0.RELEASE.jar
7f0563c68000-7f0563c69000 r--s 00001000 08:08 263343                     /home/patil/.m2/repository/org/springframework/boot/spring-boot-starter-data-jpa/2.3.0.RELEASE/spring-boot-starter-data-jpa-2.3.0.RELEASE.jar
7f0563c69000-7f0563c6a000 r--s 00000000 08:08 6584802                    /usr/lib/jvm/java-8-openjdk-amd64/jre/lib/management-agent.jar
7f0563c6a000-7f0563d3a000 rw-p 00000000 00:00 0 
7f0563d3a000-7f0563d3b000 ---p 00000000 00:00 0 
7f0563d3b000-7f0563d3e000 ---p 00000000 00:00 0 
7f0563d3e000-7f0563e3d000 rw-p 00000000 00:00 0 
7f0563e3d000-7f0563e3f000 r--s 00016000 08:08 6584797                    /usr/lib/jvm/java-8-openjdk-amd64/jre/lib/jce.jar
7f0563e3f000-7f0563e43000 r--s 0003a000 08:08 6584784                    /usr/lib/jvm/java-8-openjdk-amd64/jre/lib/ext/sunpkcs11.jar
7f0563e43000-7f0563e45000 r--s 00001000 08:08 6584777                    /usr/lib/jvm/java-8-openjdk-amd64/jre/lib/ext/dnsns.jar
7f0563e45000-7f0563e46000 r--s 0000a000 08:08 6584779                    /usr/lib/jvm/java-8-openjdk-amd64/jre/lib/ext/jaccess.jar
7f0563e46000-7f0563e47000 r--s 0000d000 08:08 6584782                    /usr/lib/jvm/java-8-openjdk-amd64/jre/lib/ext/sunec.jar
7f0563e47000-7f0563e4a000 r--s 0000f000 08:08 6584778                    /usr/lib/jvm/java-8-openjdk-amd64/jre/lib/ext/icedtea-sound.jar
7f0563e4a000-7f0563e54000 r--s 00116000 08:08 6584780                    /usr/lib/jvm/java-8-openjdk-amd64/jre/lib/ext/localedata.jar
7f0563e54000-7f0563e5a000 r--s 0003d000 08:08 6584783                    /usr/lib/jvm/java-8-openjdk-amd64/jre/lib/ext/sunjce_provider.jar
7f0563e5a000-7f0563e5b000 r--s 00010000 08:08 6584785                    /usr/lib/jvm/java-8-openjdk-amd64/jre/lib/ext/zipfs.jar
7f0563e5b000-7f0563e63000 rw-s 00000000 08:08 9597606                    /tmp/hsperfdata_patil/20300
7f0563e63000-7f0563e64000 rw-p 00000000 00:00 0 
7f0563e64000-7f0563e65000 ---p 00000000 00:00 0 
7f0563e65000-7f0563e67000 rw-p 00000000 00:00 0 
7f0563e67000-7f0563e68000 r--p 00027000 08:08 5126695                    /lib/x86_64-linux-gnu/ld-2.27.so
7f0563e68000-7f0563e69000 rw-p 00028000 08:08 5126695                    /lib/x86_64-linux-gnu/ld-2.27.so
7f0563e69000-7f0563e6a000 rw-p 00000000 00:00 0 
7fffe74e2000-7fffe7508000 rw-p 00000000 00:00 0                          [stack]
7fffe75a7000-7fffe75aa000 r--p 00000000 00:00 0                          [vvar]
7fffe75aa000-7fffe75ac000 r-xp 00000000 00:00 0                          [vdso]
ffffffffff600000-ffffffffff601000 r-xp 00000000 00:00 0                  [vsyscall]

VM Arguments:
jvm_args: -javaagent:/snap/intellij-idea-community/232/lib/idea_rt.jar=39595:/snap/intellij-idea-community/232/bin -Dfile.encoding=UTF-8 
java_command: com.example.reddit_likes_service.RedditLikesServiceApplication
java_class_path (initial): /usr/lib/jvm/java-1.8.0-openjdk-amd64/jre/lib/charsets.jar:/usr/lib/jvm/java-1.8.0-openjdk-amd64/jre/lib/ext/cldrdata.jar:/usr/lib/jvm/java-1.8.0-openjdk-amd64/jre/lib/ext/dnsns.jar:/usr/lib/jvm/java-1.8.0-openjdk-amd64/jre/lib/ext/icedtea-sound.jar:/usr/lib/jvm/java-1.8.0-openjdk-amd64/jre/lib/ext/jaccess.jar:/usr/lib/jvm/java-1.8.0-openjdk-amd64/jre/lib/ext/localedata.jar:/usr/lib/jvm/java-1.8.0-openjdk-amd64/jre/lib/ext/nashorn.jar:/usr/lib/jvm/java-1.8.0-openjdk-amd64/jre/lib/ext/sunec.jar:/usr/lib/jvm/java-1.8.0-openjdk-amd64/jre/lib/ext/sunjce_provider.jar:/usr/lib/jvm/java-1.8.0-openjdk-amd64/jre/lib/ext/sunpkcs11.jar:/usr/lib/jvm/java-1.8.0-openjdk-amd64/jre/lib/ext/zipfs.jar:/usr/lib/jvm/java-1.8.0-openjdk-amd64/jre/lib/jce.jar:/usr/lib/jvm/java-1.8.0-openjdk-amd64/jre/lib/jsse.jar:/usr/lib/jvm/java-1.8.0-openjdk-amd64/jre/lib/management-agent.jar:/usr/lib/jvm/java-1.8.0-openjdk-amd64/jre/lib/resources.jar:/usr/lib/jvm/java-1.8.0-openjdk-amd64/jre/lib/rt.jar:/home/patil/Desktop/Projects/Java/Reddit_API/reddit_likes_service/target/classes:/home/patil/.m2/repository/org/springframework/boot/spring-boot-starter-data-jpa/2.3.0.RELEASE/spring-boot-starter-data-jpa-2.3.0.RELEASE.jar:/home/patil/.m2/repository/org/springframework/boot/spring-boot-starter-aop/2.3.0.RELEASE/spring-boot-starter-aop-2.3.0.RELEASE.jar:/home/patil/.m2/repository/org/springframework/spring-aop/5.2.6.RELEASE/spring-aop-5.2.6.RELEASE.jar:/home/patil/.m2/repository/org/aspectj/aspectjweaver/1.9.5/aspectjweaver-1.9.5.jar:/home/patil/.m2/repository/org/springframework/boot/spring-boot-starter-jdbc/2.3.0.RELEASE/spring-boot-starter-jdbc-2.3.0.RELEASE.jar:/home/patil/.m2/repository/com/zaxxer/HikariCP/3.4.5/HikariCP-3.4.5.jar:/home/patil/.m2/repository/org/springframework/spring-jdbc/5.2.6.RELEASE/spring-jdbc-5.2.6.RELEASE.jar:/home/patil/.m2/repository/jakarta/transaction/jakarta.transaction-api/1.3.3/jakarta.transaction-api-1.3.3.jar:/home/patil/.m2/repository/jak
Launcher Type: SUN_STANDARD

Environment Variables:
JAVA_HOME=/usr/lib/jvm/jdk-12.0.2/bin/java
PATH=/home/patil/.local/bin:/usr/lib/jvm/jdk-12.0.2/bin/java/bin:/usr/local/sbin:/usr/local/bin:/usr/sbin:/usr/bin:/sbin:/bin:/usr/games:/usr/local/games:/snap/bin:/usr/lib/jvm/java-12.0.2/bin:/usr/lib/jvm/java-12/db/bin
USERNAME=patil
SHELL=/bin/bash
DISPLAY=:0

Signal Handlers:
SIGSEGV: [libjvm.so+0xabd470], sa_mask[0]=11111111011111111101111111111110, sa_flags=SA_RESTART|SA_SIGINFO
SIGBUS: [libjvm.so+0xabd470], sa_mask[0]=11111111011111111101111111111110, sa_flags=SA_RESTART|SA_SIGINFO
SIGFPE: [libjvm.so+0x8f1c90], sa_mask[0]=11111111011111111101111111111110, sa_flags=SA_RESTART|SA_SIGINFO
SIGPIPE: [libjvm.so+0x8f1c90], sa_mask[0]=11111111011111111101111111111110, sa_flags=SA_RESTART|SA_SIGINFO
SIGXFSZ: [libjvm.so+0x8f1c90], sa_mask[0]=11111111011111111101111111111110, sa_flags=SA_RESTART|SA_SIGINFO
SIGILL: [libjvm.so+0x8f1c90], sa_mask[0]=11111111011111111101111111111110, sa_flags=SA_RESTART|SA_SIGINFO
SIGUSR1: SIG_DFL, sa_mask[0]=00000000000000000000000000000000, sa_flags=none
SIGUSR2: [libjvm.so+0x8f1b40], sa_mask[0]=00100000000000000000000000000000, sa_flags=SA_RESTART|SA_SIGINFO
SIGHUP: [libjvm.so+0x8f21b0], sa_mask[0]=11111111011111111101111111111110, sa_flags=SA_RESTART|SA_SIGINFO
SIGINT: [libjvm.so+0x8f21b0], sa_mask[0]=11111111011111111101111111111110, sa_flags=SA_RESTART|SA_SIGINFO
SIGTERM: [libjvm.so+0x8f21b0], sa_mask[0]=11111111011111111101111111111110, sa_flags=SA_RESTART|SA_SIGINFO
SIGQUIT: [libjvm.so+0x8f21b0], sa_mask[0]=11111111011111111101111111111110, sa_flags=SA_RESTART|SA_SIGINFO


---------------  S Y S T E M  ---------------

OS:DISTRIB_ID=Ubuntu
DISTRIB_RELEASE=18.04
DISTRIB_CODENAME=bionic
DISTRIB_DESCRIPTION="Ubuntu 18.04.4 LTS"

uname:Linux 4.15.0-101-generic #102-Ubuntu SMP Mon May 11 10:07:26 UTC 2020 x86_64
libc:glibc 2.27 NPTL 2.27 
rlimit: STACK 8192k, CORE 0k, NPROC 30488, NOFILE 1048576, AS infinity
load average:14.20 7.93 4.53

/proc/meminfo:
MemTotal:        8050864 kB
MemFree:          127068 kB
MemAvailable:      86400 kB
Buffers:            8404 kB
Cached:           629772 kB
SwapCached:         5608 kB
Active:          6412004 kB
Inactive:        1046312 kB
Active(anon):    6355324 kB
Inactive(anon):   982252 kB
Active(file):      56680 kB
Inactive(file):    64060 kB
Unevictable:          48 kB
Mlocked:              48 kB
SwapTotal:       2097148 kB
SwapFree:            208 kB
Dirty:               528 kB
Writeback:             8 kB
AnonPages:       6814728 kB
Mapped:           449512 kB
Shmem:            517388 kB
Slab:             225308 kB
SReclaimable:      77496 kB
SUnreclaim:       147812 kB
KernelStack:       26384 kB
PageTables:       108936 kB
NFS_Unstable:          0 kB
Bounce:                0 kB
WritebackTmp:          0 kB
CommitLimit:     6122580 kB
Committed_AS:   22153568 kB
VmallocTotal:   34359738367 kB
VmallocUsed:           0 kB
VmallocChunk:          0 kB
HardwareCorrupted:     0 kB
AnonHugePages:         0 kB
ShmemHugePages:        0 kB
ShmemPmdMapped:        0 kB
CmaTotal:              0 kB
CmaFree:               0 kB
HugePages_Total:       0
HugePages_Free:        0
HugePages_Rsvd:        0
HugePages_Surp:        0
Hugepagesize:       2048 kB
DirectMap4k:      415348 kB
DirectMap2M:     7856128 kB
DirectMap1G:           0 kB

container (cgroup) information:
container_type: cgroupv1
cpu_cpuset_cpus: 0-3
cpu_memory_nodes: 0
active_processor_count: 4
cpu_quota: -1
cpu_period: 100000
cpu_shares: -1
memory_limit_in_bytes: -1
memory_and_swap_limit_in_bytes: -2
memory_soft_limit_in_bytes: -1
memory_usage_in_bytes: 7644360704
memory_max_usage_in_bytes: 7656046592


CPU:total 4 (initial active 4) (2 cores per cpu, 2 threads per core) family 6 model 142 stepping 9, cmov, cx8, fxsr, mmx, sse, sse2, sse3, ssse3, sse4.1, sse4.2, popcnt, avx, avx2, aes, clmul, erms, 3dnowpref, lzcnt, ht, tsc, tscinvbit, bmi1, bmi2, adx

/proc/cpuinfo:
processor	: 0
vendor_id	: GenuineIntel
cpu family	: 6
model		: 142
model name	: Intel(R) Core(TM) i5-7200U CPU @ 2.50GHz
stepping	: 9
microcode	: 0xca
cpu MHz		: 654.086
cache size	: 3072 KB
physical id	: 0
siblings	: 4
core id		: 0
cpu cores	: 2
apicid		: 0
initial apicid	: 0
fpu		: yes
fpu_exception	: yes
cpuid level	: 22
wp		: yes
flags		: fpu vme de pse tsc msr pae mce cx8 apic sep mtrr pge mca cmov pat pse36 clflush dts acpi mmx fxsr sse sse2 ss ht tm pbe syscall nx pdpe1gb rdtscp lm constant_tsc art arch_perfmon pebs bts rep_good nopl xtopology nonstop_tsc cpuid aperfmperf tsc_known_freq pni pclmulqdq dtes64 monitor ds_cpl vmx est tm2 ssse3 sdbg fma cx16 xtpr pdcm pcid sse4_1 sse4_2 x2apic movbe popcnt tsc_deadline_timer aes xsave avx f16c rdrand lahf_lm abm 3dnowprefetch cpuid_fault epb invpcid_single pti ssbd ibrs ibpb stibp tpr_shadow vnmi flexpriority ept vpid fsgsbase tsc_adjust bmi1 avx2 smep bmi2 erms invpcid mpx rdseed adx smap clflushopt intel_pt xsaveopt xsavec xgetbv1 xsaves dtherm ida arat pln pts hwp hwp_notify hwp_act_window hwp_epp md_clear flush_l1d
bugs		: cpu_meltdown spectre_v1 spectre_v2 spec_store_bypass l1tf mds swapgs itlb_multihit
bogomips	: 5424.00
clflush size	: 64
cache_alignment	: 64
address sizes	: 39 bits physical, 48 bits virtual
power management:

processor	: 1
vendor_id	: GenuineIntel
cpu family	: 6
model		: 142
model name	: Intel(R) Core(TM) i5-7200U CPU @ 2.50GHz
stepping	: 9
microcode	: 0xca
cpu MHz		: 661.410
cache size	: 3072 KB
physical id	: 0
siblings	: 4
core id		: 1
cpu cores	: 2
apicid		: 2
initial apicid	: 2
fpu		: yes
fpu_exception	: yes
cpuid level	: 22
wp		: yes
flags		: fpu vme de pse tsc msr pae mce cx8 apic sep mtrr pge mca cmov pat pse36 clflush dts acpi mmx fxsr sse sse2 ss ht tm pbe syscall nx pdpe1gb rdtscp lm constant_tsc art arch_perfmon pebs bts rep_good nopl xtopology nonstop_tsc cpuid aperfmperf tsc_known_freq pni pclmulqdq dtes64 monitor ds_cpl vmx est tm2 ssse3 sdbg fma cx16 xtpr pdcm pcid sse4_1 sse4_2 x2apic movbe popcnt tsc_deadline_timer aes xsave avx f16c rdrand lahf_lm abm 3dnowprefetch cpuid_fault epb invpcid_single pti ssbd ibrs ibpb stibp tpr_shadow vnmi flexpriority ept vpid fsgsbase tsc_adjust bmi1 avx2 smep bmi2 erms invpcid mpx rdseed adx smap clflushopt intel_pt xsaveopt xsavec xgetbv1 xsaves dtherm ida arat pln pts hwp hwp_notify hwp_act_window hwp_epp md_clear flush_l1d
bugs		: cpu_meltdown spectre_v1 spectre_v2 spec_store_bypass l1tf mds swapgs itlb_multihit
bogomips	: 5424.00
clflush size	: 64
cache_alignment	: 64
address sizes	: 39 bits physical, 48 bits virtual
power management:

processor	: 2
vendor_id	: GenuineIntel
cpu family	: 6
model		: 142
model name	: Intel(R) Core(TM) i5-7200U CPU @ 2.50GHz
stepping	: 9
microcode	: 0xca
cpu MHz		: 689.667
cache size	: 3072 KB
physical id	: 0
siblings	: 4
core id		: 0
cpu cores	: 2
apicid		: 1
initial apicid	: 1
fpu		: yes
fpu_exception	: yes
cpuid level	: 22
wp		: yes
flags		: fpu vme de pse tsc msr pae mce cx8 apic sep mtrr pge mca cmov pat pse36 clflush dts acpi mmx fxsr sse sse2 ss ht tm pbe syscall nx pdpe1gb rdtscp lm constant_tsc art arch_perfmon pebs bts rep_good nopl xtopology nonstop_tsc cpuid aperfmperf tsc_known_freq pni pclmulqdq dtes64 monitor ds_cpl vmx est tm2 ssse3 sdbg fma cx16 xtpr pdcm pcid sse4_1 sse4_2 x2apic movbe popcnt tsc_deadline_timer aes xsave avx f16c rdrand lahf_lm abm 3dnowprefetch cpuid_fault epb invpcid_single pti ssbd ibrs ibpb stibp tpr_shadow vnmi flexpriority ept vpid fsgsbase tsc_adjust bmi1 avx2 smep bmi2 erms invpcid mpx rdseed adx smap clflushopt intel_pt xsaveopt xsavec xgetbv1 xsaves dtherm ida arat pln pts hwp hwp_notify hwp_act_window hwp_epp md_clear flush_l1d
bugs		: cpu_meltdown spectre_v1 spectre_v2 spec_store_bypass l1tf mds swapgs itlb_multihit
bogomips	: 5424.00
clflush size	: 64
cache_alignment	: 64
address sizes	: 39 bits physical, 48 bits virtual
power management:

processor	: 3
vendor_id	: GenuineIntel
cpu family	: 6
model		: 142
model name	: Intel(R) Core(TM) i5-7200U CPU @ 2.50GHz
stepping	: 9
microcode	: 0xca
cpu MHz		: 674.115
cache size	: 3072 KB
physical id	: 0
siblings	: 4
core id		: 1
cpu cores	: 2
apicid		: 3
initial apicid	: 3
fpu		: yes
fpu_exception	: yes
cpuid level	: 22
wp		: yes
flags		: fpu vme de pse tsc msr pae mce cx8 apic sep mtrr pge mca cmov pat pse36 clflush dts acpi mmx fxsr sse sse2 ss ht tm pbe syscall nx pdpe1gb rdtscp lm constant_tsc art arch_perfmon pebs bts rep_good nopl xtopology nonstop_tsc cpuid aperfmperf tsc_known_freq pni pclmulqdq dtes64 monitor ds_cpl vmx est tm2 ssse3 sdbg fma cx16 xtpr pdcm pcid sse4_1 sse4_2 x2apic movbe popcnt tsc_deadline_timer aes xsave avx f16c rdrand lahf_lm abm 3dnowprefetch cpuid_fault epb invpcid_single pti ssbd ibrs ibpb stibp tpr_shadow vnmi flexpriority ept vpid fsgsbase tsc_adjust bmi1 avx2 smep bmi2 erms invpcid mpx rdseed adx smap clflushopt intel_pt xsaveopt xsavec xgetbv1 xsaves dtherm ida arat pln pts hwp hwp_notify hwp_act_window hwp_epp md_clear flush_l1d
bugs		: cpu_meltdown spectre_v1 spectre_v2 spec_store_bypass l1tf mds swapgs itlb_multihit
bogomips	: 5424.00
clflush size	: 64
cache_alignment	: 64
address sizes	: 39 bits physical, 48 bits virtual
power management:



Memory: 4k page, physical 8050864k(126944k free), swap 2097148k(208k free)

vm_info: OpenJDK 64-Bit Server VM (25.252-b09) for linux-amd64 JRE (1.8.0_252-8u252-b09-1~18.04-b09), built on Apr 15 2020 18:48:05 by "buildd" with gcc 7.5.0

time: Mon Jun  8 03:20:24 2020
timezone: IST
elapsed time: 148 seconds (0d 0h 2m 28s)

